<?xml version="1.0" encoding="UTF-8"?>
<testsuite xmlns:xsi="http://www.w3.org/2001/XMLSchema-instance" xsi:noNamespaceSchemaLocation="https://maven.apache.org/surefire/maven-surefire-plugin/xsd/surefire-test-report.xsd" name="UI.UIsTest" time="86.243" tests="1" errors="0" skipped="0" failures="1">
  <properties>
[...]
</properties>
  <testcase name="testParallel" classname="UI.UIsTest" time="86.216">
    <failure message="js failed:&#10;&gt;&gt;&gt;&gt;&#10;01: waitFor(saucedemoURL)&#10;&lt;&lt;&lt;&lt;&#10;org.graalvm.polyglot.PolyglotException: waitUntil (js): failed after 3 retries and 21144 milliseconds&#10;- com.intuit.karate.driver.DriverOptions.retry(DriverOptions.java:517)&#10;- com.intuit.karate.driver.DevToolsDriver.waitUntil(DevToolsDriver.java:777)&#10;- com.intuit.karate.driver.DriverOptions.waitForAny(DriverOptions.java:700)&#10;- com.intuit.karate.driver.Driver.waitFor(Driver.java:237)&#10;- &lt;js&gt;.:anonymous(Unnamed:1)&#10;&#10;classpath:UI/HomePageUI/Home.feature:73 ==&gt; expected: &lt;0&gt; but was: &lt;1&gt;" type="org.opentest4j.AssertionFailedError"><![CDATA[org.opentest4j.AssertionFailedError: 
js failed:
>>>>
01: waitFor(saucedemoURL)
<<<<
org.graalvm.polyglot.PolyglotException: waitUntil (js): failed after 3 retries and 21144 milliseconds
- com.intuit.karate.driver.DriverOptions.retry(DriverOptions.java:517)
- com.intuit.karate.driver.DevToolsDriver.waitUntil(DevToolsDriver.java:777)
- com.intuit.karate.driver.DriverOptions.waitForAny(DriverOptions.java:700)
- com.intuit.karate.driver.Driver.waitFor(Driver.java:237)
- <js>.:anonymous(Unnamed:1)

classpath:UI/HomePageUI/Home.feature:73 ==> expected: <0> but was: <1>
	at UI.UIsTest.testParallel(UIsTest.java:17)
]]></failure>
    <system-out><![CDATA[08:50:10.029 [main] DEBUG com.intuit.karate.Suite - [config] classpath:karate-config.js
08:50:11.864 [main] INFO  com.intuit.karate - karate.env system property was: null 
08:50:12.000 [main] DEBUG com.intuit.karate.shell.Command - found / verified free local port: 9222
08:50:12.003 [chrome_1752371411986] DEBUG c.i.k.driver.chrome_1752371411986 - command: [C:\Program Files\Google\Chrome\Application\chrome.exe, --remote-debugging-port=9222, --remote-allow-origins=*, --no-first-run, --user-data-dir=E:\Duy\Projects\practices\karate_framework\demo\target\chrome_1752371411986, --disable-popup-blocking, --disable-features=PasswordManager, --incognito], working dir: target\chrome_1752371411986
08:50:12.011 [main] DEBUG c.i.k.driver.chrome_1752371411986 - poll attempt #0 for port to be ready - localhost:9222
08:50:12.273 [main] DEBUG c.i.k.driver.chrome_1752371411986 - poll attempt #1 for port to be ready - localhost:9222
08:50:12.363 [chrome_1752371411986-out] DEBUG c.i.k.driver.chrome_1752371411986 - 
08:50:12.364 [chrome_1752371411986-out] DEBUG c.i.k.driver.chrome_1752371411986 - DevTools listening on ws://127.0.0.1:9222/devtools/browser/7a9d17bc-e3bb-4dea-9975-530bf0230d9a
08:50:12.527 [main] DEBUG c.i.k.driver.chrome_1752371411986 - poll attempt #2 for port to be ready - localhost:9222
08:50:13.835 [main] DEBUG com.intuit.karate - request:
1 > GET http://localhost:9222/json
1 > Host: localhost:9222
1 > Connection: Keep-Alive
1 > User-Agent: Apache-HttpClient/4.5.14 (Java/21.0.7)
1 > Accept-Encoding: gzip,deflate


08:50:13.880 [main] DEBUG com.intuit.karate - response time in milliseconds: 42
1 < 200
1 < Content-Security-Policy: frame-ancestors 'none'
1 < Content-Length: 2340
1 < Content-Type: application/json; charset=UTF-8
[ {
   "description": "",
   "devtoolsFrontendUrl": "https://chrome-devtools-frontend.appspot.com/serve_rev/@a2159ad9ab8037bd34a21b9903003e0964c2075b/inspector.html?ws=localhost:9222/devtools/page/FC039FB5C9B03F8D46517331BE1B50D0",
   "id": "FC039FB5C9B03F8D46517331BE1B50D0",
   "title": "Google Hangouts",
   "type": "background_page",
   "url": "chrome-extension://nkeimhogjdpnpccoofpliimaahmaaome/background.html",
   "webSocketDebuggerUrl": "ws://localhost:9222/devtools/page/FC039FB5C9B03F8D46517331BE1B50D0"
}, {
   "description": "",
   "devtoolsFrontendUrl": "https://chrome-devtools-frontend.appspot.com/serve_rev/@a2159ad9ab8037bd34a21b9903003e0964c2075b/inspector.html?ws=localhost:9222/devtools/page/3C5BDB55ECF69502BDF17316E347EB59",
   "id": "3C5BDB55ECF69502BDF17316E347EB59",
   "title": "Google Hangouts",
   "type": "background_page",
   "url": "chrome-extension://nkeimhogjdpnpccoofpliimaahmaaome/background.html",
   "webSocketDebuggerUrl": "ws://localhost:9222/devtools/page/3C5BDB55ECF69502BDF17316E347EB59"
}, {
   "description": "",
   "devtoolsFrontendUrl": "https://chrome-devtools-frontend.appspot.com/serve_rev/@a2159ad9ab8037bd34a21b9903003e0964c2075b/inspector.html?ws=localhost:9222/devtools/page/BBF93B2B4D5D3BE89B5E9A61ADCFD8B2",
   "faviconUrl": "data:image/svg+xml;base64,PHN2ZyB4bWxucz0iaHR0cDovL3d3dy53My5vcmcvMjAwMC9zdmciIGhlaWdodD0iMjQiIHZpZXdCb3g9IjAgMCAyNCAyNCIgd2lkdGg9IjI0IiBmaWxsPSIjNDU1QTY0Ij48cGF0aCBmaWxsPSJub25lIiBkPSJNMCAwaDI0djI0SDB6Ii8+PHBhdGggZD0iTTMgMTFoMTh2MUgzem0xNC42Mi0xLTIuMjktNi4xYy0uMTktLjUtLjc0LS43Ny0xLjI1LS42TDEyIDRsLTIuMDktLjdjLS41MS0uMTctMS4wNi4xLTEuMjUuNkw2LjM4IDEwaDExLjI0em0tMS4xMiAzYy0xLjY2IDAtMy4wNCAxLjE2LTMuNCAyLjcxLS44NC0uMzYtMS42Mi0uMjYtMi4yLS4wMUEzLjUwMyAzLjUwMyAwIDAgMCA3LjUgMTNDNS41NyAxMyA0IDE0LjU3IDQgMTYuNVM1LjU3IDIwIDcuNSAyMGMxLjg0IDAgMy4zMy0xLjQyIDMuNDctMy4yMi4zLS4yMSAxLjA5LS42IDIuMDYuMDIuMTYgMS43OSAxLjY0IDMuMiAzLjQ3IDMuMiAxLjkzIDAgMy41LTEuNTcgMy41LTMuNVMxOC40MyAxMyAxNi41IDEzem0tOSA2YTIuNSAyLjUgMCAwIDEgMC01IDIuNSAyLjUgMCAwIDEgMCA1em05IDBhMi41IDIuNSAwIDAgMSAwLTUgMi41IDIuNSAwIDAgMSAwIDV6Ii8+PC9zdmc+",
   "id": "BBF93B2B4D5D3BE89B5E9A61ADCFD8B2",
   "title": "New Incognito Tab",
   "type": "page",
   "url": "chrome://newtab/",
   "webSocketDebuggerUrl": "ws://localhost:9222/devtools/page/BBF93B2B4D5D3BE89B5E9A61ADCFD8B2"
} ]


08:50:13.894 [main] DEBUG com.intuit.karate.shell.Command - ready to accept http connections after 1280 ms - http://localhost:9222/json
08:50:13.897 [main] DEBUG com.intuit.karate - request:
1 > GET http://localhost:9222/json
1 > Host: localhost:9222
1 > Connection: Keep-Alive
1 > User-Agent: Apache-HttpClient/4.5.14 (Java/21.0.7)
1 > Accept-Encoding: gzip,deflate


08:50:13.901 [main] DEBUG com.intuit.karate - response time in milliseconds: 3
1 < 200
1 < Content-Security-Policy: frame-ancestors 'none'
1 < Content-Length: 2340
1 < Content-Type: application/json; charset=UTF-8
[ {
   "description": "",
   "devtoolsFrontendUrl": "https://chrome-devtools-frontend.appspot.com/serve_rev/@a2159ad9ab8037bd34a21b9903003e0964c2075b/inspector.html?ws=localhost:9222/devtools/page/FC039FB5C9B03F8D46517331BE1B50D0",
   "id": "FC039FB5C9B03F8D46517331BE1B50D0",
   "title": "Google Hangouts",
   "type": "background_page",
   "url": "chrome-extension://nkeimhogjdpnpccoofpliimaahmaaome/background.html",
   "webSocketDebuggerUrl": "ws://localhost:9222/devtools/page/FC039FB5C9B03F8D46517331BE1B50D0"
}, {
   "description": "",
   "devtoolsFrontendUrl": "https://chrome-devtools-frontend.appspot.com/serve_rev/@a2159ad9ab8037bd34a21b9903003e0964c2075b/inspector.html?ws=localhost:9222/devtools/page/3C5BDB55ECF69502BDF17316E347EB59",
   "id": "3C5BDB55ECF69502BDF17316E347EB59",
   "title": "Google Hangouts",
   "type": "background_page",
   "url": "chrome-extension://nkeimhogjdpnpccoofpliimaahmaaome/background.html",
   "webSocketDebuggerUrl": "ws://localhost:9222/devtools/page/3C5BDB55ECF69502BDF17316E347EB59"
}, {
   "description": "",
   "devtoolsFrontendUrl": "https://chrome-devtools-frontend.appspot.com/serve_rev/@a2159ad9ab8037bd34a21b9903003e0964c2075b/inspector.html?ws=localhost:9222/devtools/page/BBF93B2B4D5D3BE89B5E9A61ADCFD8B2",
   "faviconUrl": "data:image/svg+xml;base64,PHN2ZyB4bWxucz0iaHR0cDovL3d3dy53My5vcmcvMjAwMC9zdmciIGhlaWdodD0iMjQiIHZpZXdCb3g9IjAgMCAyNCAyNCIgd2lkdGg9IjI0IiBmaWxsPSIjNDU1QTY0Ij48cGF0aCBmaWxsPSJub25lIiBkPSJNMCAwaDI0djI0SDB6Ii8+PHBhdGggZD0iTTMgMTFoMTh2MUgzem0xNC42Mi0xLTIuMjktNi4xYy0uMTktLjUtLjc0LS43Ny0xLjI1LS42TDEyIDRsLTIuMDktLjdjLS41MS0uMTctMS4wNi4xLTEuMjUuNkw2LjM4IDEwaDExLjI0em0tMS4xMiAzYy0xLjY2IDAtMy4wNCAxLjE2LTMuNCAyLjcxLS44NC0uMzYtMS42Mi0uMjYtMi4yLS4wMUEzLjUwMyAzLjUwMyAwIDAgMCA3LjUgMTNDNS41NyAxMyA0IDE0LjU3IDQgMTYuNVM1LjU3IDIwIDcuNSAyMGMxLjg0IDAgMy4zMy0xLjQyIDMuNDctMy4yMi4zLS4yMSAxLjA5LS42IDIuMDYuMDIuMTYgMS43OSAxLjY0IDMuMiAzLjQ3IDMuMiAxLjkzIDAgMy41LTEuNTcgMy41LTMuNVMxOC40MyAxMyAxNi41IDEzem0tOSA2YTIuNSAyLjUgMCAwIDEgMC01IDIuNSAyLjUgMCAwIDEgMCA1em05IDBhMi41IDIuNSAwIDAgMSAwLTUgMi41IDIuNSAwIDAgMSAwIDV6Ii8+PC9zdmc+",
   "id": "BBF93B2B4D5D3BE89B5E9A61ADCFD8B2",
   "title": "New Incognito Tab",
   "type": "page",
   "url": "chrome://newtab/",
   "webSocketDebuggerUrl": "ws://localhost:9222/devtools/page/BBF93B2B4D5D3BE89B5E9A61ADCFD8B2"
} ]


08:50:13.913 [main] DEBUG c.i.k.driver.chrome_1752371411986 - root frame id: BBF93B2B4D5D3BE89B5E9A61ADCFD8B2
08:50:14.428 [nioEventLoopGroup-2-1] DEBUG c.i.k.http.WebSocketClientHandler - websocket client connected
08:50:14.434 [main] DEBUG c.i.k.driver.chrome_1752371411986 - >> {"id":1,"method":"Target.attachToTarget","params":{"targetId":"BBF93B2B4D5D3BE89B5E9A61ADCFD8B2","flatten":true}}
08:50:14.461 [nioEventLoopGroup-2-1] DEBUG c.i.k.driver.chrome_1752371411986 - << {"method":"Target.attachedToTarget","params":{"sessionId":"60B56135D27872497838622C60201F00","targetInfo":{"targetId":"BBF93B2B4D5D3BE89B5E9A61ADCFD8B2","type":"page","title":"New Incognito Tab","url":"chrome://newtab/","attached":true,"canAccessOpener":false,"browserContextId":"FE02727F5A1443356FEA5D63B90C5B1A"},"waitingForDebugger":false}}
08:50:14.464 [nioEventLoopGroup-2-1] DEBUG c.i.k.driver.chrome_1752371411986 - << {"id":1,"result":{"sessionId":"60B56135D27872497838622C60201F00"}}
08:50:14.465 [main] DEBUG c.i.k.driver.chrome_1752371411986 - >> {"id":2,"sessionId":"60B56135D27872497838622C60201F00","method":"Target.activateTarget","params":{"targetId":"BBF93B2B4D5D3BE89B5E9A61ADCFD8B2"}}
08:50:14.470 [nioEventLoopGroup-2-1] DEBUG c.i.k.driver.chrome_1752371411986 - << {"id":2,"result":{},"sessionId":"60B56135D27872497838622C60201F00"}
08:50:14.472 [main] DEBUG c.i.k.driver.chrome_1752371411986 - >> {"id":3,"sessionId":"60B56135D27872497838622C60201F00","method":"Target.setDiscoverTargets","params":{"discover":true}}
08:50:14.476 [nioEventLoopGroup-2-1] DEBUG c.i.k.driver.chrome_1752371411986 - << {"method":"Target.targetCreated","params":{"targetInfo":{"targetId":"3C5BDB55ECF69502BDF17316E347EB59","type":"background_page","title":"Google Hangouts","url":"chrome-extension://nkeimhogjdpnpccoofpliimaahmaaome/background.html","attached":false,"canAccessOpener":false,"browserContextId":"455BEFEA6B62E5D0DBD25C0651FE0146"}},"sessionId":"60B56135D27872497838622C60201F00"}
08:50:14.479 [nioEventLoopGroup-2-1] DEBUG c.i.k.driver.chrome_1752371411986 - << {"method":"Target.targetCreated","params":{"targetInfo":{"targetId":"BBF93B2B4D5D3BE89B5E9A61ADCFD8B2","type":"page","title":"New Incognito Tab","url":"chrome://newtab/","attached":true,"canAccessOpener":false,"browserContextId":"FE02727F5A1443356FEA5D63B90C5B1A"}},"sessionId":"60B56135D27872497838622C60201F00"}
08:50:14.481 [nioEventLoopGroup-2-1] DEBUG c.i.k.driver.chrome_1752371411986 - << {"method":"Target.targetCreated","params":{"targetInfo":{"targetId":"D2BF904727714ADE0E9099494A9271F8","type":"service_worker","title":"Service Worker chrome-extension://fignfifoniblkonapihmkfakmlgkbkcf/service_worker.js","url":"chrome-extension://fignfifoniblkonapihmkfakmlgkbkcf/service_worker.js","attached":false,"canAccessOpener":false,"browserContextId":"455BEFEA6B62E5D0DBD25C0651FE0146"}},"sessionId":"60B56135D27872497838622C60201F00"}
08:50:14.482 [nioEventLoopGroup-2-1] DEBUG c.i.k.driver.chrome_1752371411986 - << {"method":"Target.targetCreated","params":{"targetInfo":{"targetId":"FC039FB5C9B03F8D46517331BE1B50D0","type":"background_page","title":"Google Hangouts","url":"chrome-extension://nkeimhogjdpnpccoofpliimaahmaaome/background.html","attached":false,"canAccessOpener":false,"browserContextId":"FE02727F5A1443356FEA5D63B90C5B1A"}},"sessionId":"60B56135D27872497838622C60201F00"}
08:50:14.484 [nioEventLoopGroup-2-1] DEBUG c.i.k.driver.chrome_1752371411986 - << {"id":3,"result":{},"sessionId":"60B56135D27872497838622C60201F00"}
08:50:14.485 [main] DEBUG c.i.k.driver.chrome_1752371411986 - >> {"id":4,"sessionId":"60B56135D27872497838622C60201F00","method":"Page.enable"}
08:50:14.494 [nioEventLoopGroup-2-1] DEBUG c.i.k.driver.chrome_1752371411986 - << {"id":4,"result":{},"sessionId":"60B56135D27872497838622C60201F00"}
08:50:14.495 [main] DEBUG c.i.k.driver.chrome_1752371411986 - >> {"id":5,"sessionId":"60B56135D27872497838622C60201F00","method":"Runtime.enable"}
08:50:14.499 [nioEventLoopGroup-2-1] DEBUG c.i.k.driver.chrome_1752371411986 - << {"method":"Runtime.executionContextCreated","params":{"context":{"id":1,"origin":"chrome://newtab","name":"","uniqueId":"-3335458148511359182.2827462291162891171","auxData":{"isDefault":true,"type":"default","frameId":"BBF93B2B4D5D3BE89B5E9A61ADCFD8B2"}}},"sessionId":"60B56135D27872497838622C60201F00"}
08:50:14.501 [nioEventLoopGroup-2-1] DEBUG c.i.k.driver.chrome_1752371411986 - << {"id":5,"result":{},"sessionId":"60B56135D27872497838622C60201F00"}
08:50:14.502 [main] DEBUG c.i.k.driver.chrome_1752371411986 - >> {"id":6,"sessionId":"60B56135D27872497838622C60201F00","method":"Browser.getWindowForTarget","params":{"targetId":"BBF93B2B4D5D3BE89B5E9A61ADCFD8B2"}}
08:50:14.506 [nioEventLoopGroup-2-1] DEBUG c.i.k.driver.chrome_1752371411986 - << {"id":6,"result":{"windowId":1708044568,"bounds":{"left":10,"top":10,"width":945,"height":1060,"windowState":"normal"}},"sessionId":"60B56135D27872497838622C60201F00"}
08:50:14.812 [main] DEBUG c.i.k.driver.chrome_1752371411986 - >> {"id":7,"sessionId":"60B56135D27872497838622C60201F00","method":"Page.navigate","params":{"url":"https:\/\/saucedemo.com\/"}}
08:50:14.828 [nioEventLoopGroup-2-1] DEBUG c.i.k.driver.chrome_1752371411986 - << {"method":"Page.frameStartedNavigating","params":{"frameId":"BBF93B2B4D5D3BE89B5E9A61ADCFD8B2","url":"https://saucedemo.com/","loaderId":"A00021D6E008F2D4F21D8E0503F292AD","navigationType":"differentDocument"},"sessionId":"60B56135D27872497838622C60201F00"}
08:50:14.830 [nioEventLoopGroup-2-1] DEBUG c.i.k.driver.chrome_1752371411986 - << {"method":"Page.frameStartedLoading","params":{"frameId":"BBF93B2B4D5D3BE89B5E9A61ADCFD8B2"},"sessionId":"60B56135D27872497838622C60201F00"}
08:50:15.021 [nioEventLoopGroup-2-1] DEBUG c.i.k.driver.chrome_1752371411986 - << {"id":7,"result":{"frameId":"BBF93B2B4D5D3BE89B5E9A61ADCFD8B2","loaderId":"A00021D6E008F2D4F21D8E0503F292AD"},"sessionId":"60B56135D27872497838622C60201F00"}
08:50:15.028 [nioEventLoopGroup-2-1] DEBUG c.i.k.driver.chrome_1752371411986 - << {"method":"Runtime.executionContextsCleared","params":{},"sessionId":"60B56135D27872497838622C60201F00"}
08:50:15.032 [nioEventLoopGroup-2-1] DEBUG c.i.k.driver.chrome_1752371411986 - << {"method":"Runtime.executionContextsCleared","params":{},"sessionId":"60B56135D27872497838622C60201F00"}
08:50:15.034 [nioEventLoopGroup-2-1] DEBUG c.i.k.driver.chrome_1752371411986 - << {"method":"Page.frameNavigated","params":{"frame":{"id":"BBF93B2B4D5D3BE89B5E9A61ADCFD8B2","loaderId":"A00021D6E008F2D4F21D8E0503F292AD","url":"https://www.saucedemo.com/","domainAndRegistry":"saucedemo.com","securityOrigin":"https://www.saucedemo.com","securityOriginDetails":{"isLocalhost":false},"mimeType":"text/html","adFrameStatus":{"adFrameType":"none"},"secureContextType":"Secure","crossOriginIsolatedContextType":"NotIsolated","gatedAPIFeatures":[]},"type":"Navigation"},"sessionId":"60B56135D27872497838622C60201F00"}
08:50:15.059 [nioEventLoopGroup-2-1] DEBUG c.i.k.driver.chrome_1752371411986 - << {"method":"Target.targetInfoChanged","params":{"targetInfo":{"targetId":"BBF93B2B4D5D3BE89B5E9A61ADCFD8B2","type":"page","title":"saucedemo.com","url":"https://www.saucedemo.com/","attached":true,"canAccessOpener":false,"browserContextId":"FE02727F5A1443356FEA5D63B90C5B1A"}},"sessionId":"60B56135D27872497838622C60201F00"}
08:50:15.068 [nioEventLoopGroup-2-1] DEBUG c.i.k.driver.chrome_1752371411986 - << {"method":"Runtime.executionContextCreated","params":{"context":{"id":1,"origin":"https://www.saucedemo.com","name":"","uniqueId":"-5122702561425669446.-943688720268627179","auxData":{"isDefault":true,"type":"default","frameId":"BBF93B2B4D5D3BE89B5E9A61ADCFD8B2"}}},"sessionId":"60B56135D27872497838622C60201F00"}
08:50:15.713 [nioEventLoopGroup-2-1] DEBUG c.i.k.driver.chrome_1752371411986 - << {"method":"Page.domContentEventFired","params":{"timestamp":251467.250787},"sessionId":"60B56135D27872497838622C60201F00"}
08:50:15.750 [main] INFO  c.intuit.karate.core.FeatureRuntime - classpath:UI/LoginUI/LoginPage.feature - call by tag at line 7: action_attemptLogin
08:50:16.036 [main] DEBUG c.i.k.driver.chrome_1752371411986 - >> {"id":8,"sessionId":"60B56135D27872497838622C60201F00","method":"Runtime.evaluate","params":{"expression":"var e = document.evaluate(\"\/\/*[@id='user-name']\", document, null, 9, null).singleNodeValue; e.focus(); try { e.selectionStart = e.selectionEnd = e.value.length } catch(x) {}","returnByValue":true}}
08:50:16.048 [nioEventLoopGroup-2-1] DEBUG c.i.k.driver.chrome_1752371411986 - << {"method":"Target.targetCreated","params":{"targetInfo":{"targetId":"FB0F5435C80C74564713C2D481CFA560","type":"service_worker","title":"Service Worker https://www.saucedemo.com/service-worker.js","url":"https://www.saucedemo.com/service-worker.js","attached":false,"canAccessOpener":false,"browserContextId":"FE02727F5A1443356FEA5D63B90C5B1A"}},"sessionId":"60B56135D27872497838622C60201F00"}
08:50:16.054 [nioEventLoopGroup-2-1] DEBUG c.i.k.driver.chrome_1752371411986 - << {"method":"Page.loadEventFired","params":{"timestamp":251467.586685},"sessionId":"60B56135D27872497838622C60201F00"}
08:50:16.056 [nioEventLoopGroup-2-1] DEBUG c.i.k.driver.chrome_1752371411986 - << {"method":"Page.frameStoppedLoading","params":{"frameId":"BBF93B2B4D5D3BE89B5E9A61ADCFD8B2"},"sessionId":"60B56135D27872497838622C60201F00"}
08:50:16.058 [nioEventLoopGroup-2-1] DEBUG c.i.k.driver.chrome_1752371411986 - << {"id":8,"result":{"result":{"type":"number","value":0,"description":"0"}},"sessionId":"60B56135D27872497838622C60201F00"}
08:50:16.068 [main] DEBUG c.i.k.driver.chrome_1752371411986 - >> {"id":9,"sessionId":"60B56135D27872497838622C60201F00","method":"Input.dispatchKeyEvent","params":{"modifiers":0,"type":"rawKeyDown","text":"s","windowsVirtualKeyCode":115}}
08:50:16.078 [nioEventLoopGroup-2-1] DEBUG c.i.k.driver.chrome_1752371411986 - << {"id":9,"result":{},"sessionId":"60B56135D27872497838622C60201F00"}
08:50:16.082 [main] DEBUG c.i.k.driver.chrome_1752371411986 - >> {"id":10,"sessionId":"60B56135D27872497838622C60201F00","method":"Input.dispatchKeyEvent","params":{"modifiers":0,"type":"char","text":"s","windowsVirtualKeyCode":115}}
08:50:16.097 [nioEventLoopGroup-2-1] DEBUG c.i.k.driver.chrome_1752371411986 - << {"id":10,"result":{},"sessionId":"60B56135D27872497838622C60201F00"}
08:50:16.100 [main] DEBUG c.i.k.driver.chrome_1752371411986 - >> {"id":11,"sessionId":"60B56135D27872497838622C60201F00","method":"Input.dispatchKeyEvent","params":{"modifiers":0,"type":"keyUp","text":"s","windowsVirtualKeyCode":115}}
08:50:16.106 [nioEventLoopGroup-2-1] DEBUG c.i.k.driver.chrome_1752371411986 - << {"id":11,"result":{},"sessionId":"60B56135D27872497838622C60201F00"}
08:50:16.109 [main] DEBUG c.i.k.driver.chrome_1752371411986 - >> {"id":12,"sessionId":"60B56135D27872497838622C60201F00","method":"Input.dispatchKeyEvent","params":{"modifiers":0,"type":"rawKeyDown","text":"t","windowsVirtualKeyCode":116}}
08:50:16.114 [nioEventLoopGroup-2-1] DEBUG c.i.k.driver.chrome_1752371411986 - << {"id":12,"result":{},"sessionId":"60B56135D27872497838622C60201F00"}
08:50:16.117 [main] DEBUG c.i.k.driver.chrome_1752371411986 - >> {"id":13,"sessionId":"60B56135D27872497838622C60201F00","method":"Input.dispatchKeyEvent","params":{"modifiers":0,"type":"char","text":"t","windowsVirtualKeyCode":116}}
08:50:16.126 [nioEventLoopGroup-2-1] DEBUG c.i.k.driver.chrome_1752371411986 - << {"id":13,"result":{},"sessionId":"60B56135D27872497838622C60201F00"}
08:50:16.129 [main] DEBUG c.i.k.driver.chrome_1752371411986 - >> {"id":14,"sessionId":"60B56135D27872497838622C60201F00","method":"Input.dispatchKeyEvent","params":{"modifiers":0,"type":"keyUp","text":"t","windowsVirtualKeyCode":116}}
08:50:16.134 [nioEventLoopGroup-2-1] DEBUG c.i.k.driver.chrome_1752371411986 - << {"id":14,"result":{},"sessionId":"60B56135D27872497838622C60201F00"}
08:50:16.136 [main] DEBUG c.i.k.driver.chrome_1752371411986 - >> {"id":15,"sessionId":"60B56135D27872497838622C60201F00","method":"Input.dispatchKeyEvent","params":{"modifiers":0,"type":"rawKeyDown","text":"a","windowsVirtualKeyCode":97}}
08:50:16.143 [nioEventLoopGroup-2-1] DEBUG c.i.k.driver.chrome_1752371411986 - << {"id":15,"result":{},"sessionId":"60B56135D27872497838622C60201F00"}
08:50:16.145 [main] DEBUG c.i.k.driver.chrome_1752371411986 - >> {"id":16,"sessionId":"60B56135D27872497838622C60201F00","method":"Input.dispatchKeyEvent","params":{"modifiers":0,"type":"char","text":"a","windowsVirtualKeyCode":97}}
08:50:16.154 [nioEventLoopGroup-2-1] DEBUG c.i.k.driver.chrome_1752371411986 - << {"id":16,"result":{},"sessionId":"60B56135D27872497838622C60201F00"}
08:50:16.158 [main] DEBUG c.i.k.driver.chrome_1752371411986 - >> {"id":17,"sessionId":"60B56135D27872497838622C60201F00","method":"Input.dispatchKeyEvent","params":{"modifiers":0,"type":"keyUp","text":"a","windowsVirtualKeyCode":97}}
08:50:16.161 [nioEventLoopGroup-2-1] DEBUG c.i.k.driver.chrome_1752371411986 - << {"id":17,"result":{},"sessionId":"60B56135D27872497838622C60201F00"}
08:50:16.165 [main] DEBUG c.i.k.driver.chrome_1752371411986 - >> {"id":18,"sessionId":"60B56135D27872497838622C60201F00","method":"Input.dispatchKeyEvent","params":{"modifiers":0,"type":"rawKeyDown","text":"n","windowsVirtualKeyCode":110}}
08:50:16.170 [nioEventLoopGroup-2-1] DEBUG c.i.k.driver.chrome_1752371411986 - << {"id":18,"result":{},"sessionId":"60B56135D27872497838622C60201F00"}
08:50:16.172 [main] DEBUG c.i.k.driver.chrome_1752371411986 - >> {"id":19,"sessionId":"60B56135D27872497838622C60201F00","method":"Input.dispatchKeyEvent","params":{"modifiers":0,"type":"char","text":"n","windowsVirtualKeyCode":110}}
08:50:16.182 [nioEventLoopGroup-2-1] DEBUG c.i.k.driver.chrome_1752371411986 - << {"id":19,"result":{},"sessionId":"60B56135D27872497838622C60201F00"}
08:50:16.185 [main] DEBUG c.i.k.driver.chrome_1752371411986 - >> {"id":20,"sessionId":"60B56135D27872497838622C60201F00","method":"Input.dispatchKeyEvent","params":{"modifiers":0,"type":"keyUp","text":"n","windowsVirtualKeyCode":110}}
08:50:16.192 [nioEventLoopGroup-2-1] DEBUG c.i.k.driver.chrome_1752371411986 - << {"id":20,"result":{},"sessionId":"60B56135D27872497838622C60201F00"}
08:50:16.196 [main] DEBUG c.i.k.driver.chrome_1752371411986 - >> {"id":21,"sessionId":"60B56135D27872497838622C60201F00","method":"Input.dispatchKeyEvent","params":{"modifiers":0,"type":"rawKeyDown","text":"d","windowsVirtualKeyCode":100}}
08:50:16.202 [nioEventLoopGroup-2-1] DEBUG c.i.k.driver.chrome_1752371411986 - << {"id":21,"result":{},"sessionId":"60B56135D27872497838622C60201F00"}
08:50:16.207 [main] DEBUG c.i.k.driver.chrome_1752371411986 - >> {"id":22,"sessionId":"60B56135D27872497838622C60201F00","method":"Input.dispatchKeyEvent","params":{"modifiers":0,"type":"char","text":"d","windowsVirtualKeyCode":100}}
08:50:16.215 [nioEventLoopGroup-2-1] DEBUG c.i.k.driver.chrome_1752371411986 - << {"id":22,"result":{},"sessionId":"60B56135D27872497838622C60201F00"}
08:50:16.219 [main] DEBUG c.i.k.driver.chrome_1752371411986 - >> {"id":23,"sessionId":"60B56135D27872497838622C60201F00","method":"Input.dispatchKeyEvent","params":{"modifiers":0,"type":"keyUp","text":"d","windowsVirtualKeyCode":100}}
08:50:16.224 [nioEventLoopGroup-2-1] DEBUG c.i.k.driver.chrome_1752371411986 - << {"id":23,"result":{},"sessionId":"60B56135D27872497838622C60201F00"}
08:50:16.227 [main] DEBUG c.i.k.driver.chrome_1752371411986 - >> {"id":24,"sessionId":"60B56135D27872497838622C60201F00","method":"Input.dispatchKeyEvent","params":{"modifiers":0,"type":"rawKeyDown","text":"a","windowsVirtualKeyCode":97}}
08:50:16.231 [nioEventLoopGroup-2-1] DEBUG c.i.k.driver.chrome_1752371411986 - << {"id":24,"result":{},"sessionId":"60B56135D27872497838622C60201F00"}
08:50:16.234 [main] DEBUG c.i.k.driver.chrome_1752371411986 - >> {"id":25,"sessionId":"60B56135D27872497838622C60201F00","method":"Input.dispatchKeyEvent","params":{"modifiers":0,"type":"char","text":"a","windowsVirtualKeyCode":97}}
08:50:16.243 [nioEventLoopGroup-2-1] DEBUG c.i.k.driver.chrome_1752371411986 - << {"id":25,"result":{},"sessionId":"60B56135D27872497838622C60201F00"}
08:50:16.247 [main] DEBUG c.i.k.driver.chrome_1752371411986 - >> {"id":26,"sessionId":"60B56135D27872497838622C60201F00","method":"Input.dispatchKeyEvent","params":{"modifiers":0,"type":"keyUp","text":"a","windowsVirtualKeyCode":97}}
08:50:16.250 [nioEventLoopGroup-2-1] DEBUG c.i.k.driver.chrome_1752371411986 - << {"id":26,"result":{},"sessionId":"60B56135D27872497838622C60201F00"}
08:50:16.253 [main] DEBUG c.i.k.driver.chrome_1752371411986 - >> {"id":27,"sessionId":"60B56135D27872497838622C60201F00","method":"Input.dispatchKeyEvent","params":{"modifiers":0,"type":"rawKeyDown","text":"r","windowsVirtualKeyCode":114}}
08:50:16.258 [nioEventLoopGroup-2-1] DEBUG c.i.k.driver.chrome_1752371411986 - << {"id":27,"result":{},"sessionId":"60B56135D27872497838622C60201F00"}
08:50:16.262 [main] DEBUG c.i.k.driver.chrome_1752371411986 - >> {"id":28,"sessionId":"60B56135D27872497838622C60201F00","method":"Input.dispatchKeyEvent","params":{"modifiers":0,"type":"char","text":"r","windowsVirtualKeyCode":114}}
08:50:16.270 [nioEventLoopGroup-2-1] DEBUG c.i.k.driver.chrome_1752371411986 - << {"id":28,"result":{},"sessionId":"60B56135D27872497838622C60201F00"}
08:50:16.272 [main] DEBUG c.i.k.driver.chrome_1752371411986 - >> {"id":29,"sessionId":"60B56135D27872497838622C60201F00","method":"Input.dispatchKeyEvent","params":{"modifiers":0,"type":"keyUp","text":"r","windowsVirtualKeyCode":114}}
08:50:16.279 [nioEventLoopGroup-2-1] DEBUG c.i.k.driver.chrome_1752371411986 - << {"id":29,"result":{},"sessionId":"60B56135D27872497838622C60201F00"}
08:50:16.281 [main] DEBUG c.i.k.driver.chrome_1752371411986 - >> {"id":30,"sessionId":"60B56135D27872497838622C60201F00","method":"Input.dispatchKeyEvent","params":{"modifiers":0,"type":"rawKeyDown","text":"d","windowsVirtualKeyCode":100}}
08:50:16.285 [nioEventLoopGroup-2-1] DEBUG c.i.k.driver.chrome_1752371411986 - << {"id":30,"result":{},"sessionId":"60B56135D27872497838622C60201F00"}
08:50:16.287 [main] DEBUG c.i.k.driver.chrome_1752371411986 - >> {"id":31,"sessionId":"60B56135D27872497838622C60201F00","method":"Input.dispatchKeyEvent","params":{"modifiers":0,"type":"char","text":"d","windowsVirtualKeyCode":100}}
08:50:16.295 [nioEventLoopGroup-2-1] DEBUG c.i.k.driver.chrome_1752371411986 - << {"id":31,"result":{},"sessionId":"60B56135D27872497838622C60201F00"}
08:50:16.298 [main] DEBUG c.i.k.driver.chrome_1752371411986 - >> {"id":32,"sessionId":"60B56135D27872497838622C60201F00","method":"Input.dispatchKeyEvent","params":{"modifiers":0,"type":"keyUp","text":"d","windowsVirtualKeyCode":100}}
08:50:16.302 [nioEventLoopGroup-2-1] DEBUG c.i.k.driver.chrome_1752371411986 - << {"id":32,"result":{},"sessionId":"60B56135D27872497838622C60201F00"}
08:50:16.304 [main] DEBUG c.i.k.driver.chrome_1752371411986 - >> {"id":33,"sessionId":"60B56135D27872497838622C60201F00","method":"Input.dispatchKeyEvent","params":{"modifiers":0,"type":"rawKeyDown","text":"_","windowsVirtualKeyCode":523}}
08:50:16.314 [nioEventLoopGroup-2-1] DEBUG c.i.k.driver.chrome_1752371411986 - << {"id":33,"result":{},"sessionId":"60B56135D27872497838622C60201F00"}
08:50:16.316 [main] DEBUG c.i.k.driver.chrome_1752371411986 - >> {"id":34,"sessionId":"60B56135D27872497838622C60201F00","method":"Input.dispatchKeyEvent","params":{"modifiers":0,"type":"char","text":"_","windowsVirtualKeyCode":523}}
08:50:16.325 [nioEventLoopGroup-2-1] DEBUG c.i.k.driver.chrome_1752371411986 - << {"id":34,"result":{},"sessionId":"60B56135D27872497838622C60201F00"}
08:50:16.330 [main] DEBUG c.i.k.driver.chrome_1752371411986 - >> {"id":35,"sessionId":"60B56135D27872497838622C60201F00","method":"Input.dispatchKeyEvent","params":{"modifiers":0,"type":"keyUp","text":"_","windowsVirtualKeyCode":523}}
08:50:16.334 [nioEventLoopGroup-2-1] DEBUG c.i.k.driver.chrome_1752371411986 - << {"id":35,"result":{},"sessionId":"60B56135D27872497838622C60201F00"}
08:50:16.336 [main] DEBUG c.i.k.driver.chrome_1752371411986 - >> {"id":36,"sessionId":"60B56135D27872497838622C60201F00","method":"Input.dispatchKeyEvent","params":{"modifiers":0,"type":"rawKeyDown","text":"u","windowsVirtualKeyCode":117}}
08:50:16.341 [nioEventLoopGroup-2-1] DEBUG c.i.k.driver.chrome_1752371411986 - << {"id":36,"result":{},"sessionId":"60B56135D27872497838622C60201F00"}
08:50:16.344 [main] DEBUG c.i.k.driver.chrome_1752371411986 - >> {"id":37,"sessionId":"60B56135D27872497838622C60201F00","method":"Input.dispatchKeyEvent","params":{"modifiers":0,"type":"char","text":"u","windowsVirtualKeyCode":117}}
08:50:16.351 [nioEventLoopGroup-2-1] DEBUG c.i.k.driver.chrome_1752371411986 - << {"id":37,"result":{},"sessionId":"60B56135D27872497838622C60201F00"}
08:50:16.354 [main] DEBUG c.i.k.driver.chrome_1752371411986 - >> {"id":38,"sessionId":"60B56135D27872497838622C60201F00","method":"Input.dispatchKeyEvent","params":{"modifiers":0,"type":"keyUp","text":"u","windowsVirtualKeyCode":117}}
08:50:16.359 [nioEventLoopGroup-2-1] DEBUG c.i.k.driver.chrome_1752371411986 - << {"id":38,"result":{},"sessionId":"60B56135D27872497838622C60201F00"}
08:50:16.361 [main] DEBUG c.i.k.driver.chrome_1752371411986 - >> {"id":39,"sessionId":"60B56135D27872497838622C60201F00","method":"Input.dispatchKeyEvent","params":{"modifiers":0,"type":"rawKeyDown","text":"s","windowsVirtualKeyCode":115}}
08:50:16.365 [nioEventLoopGroup-2-1] DEBUG c.i.k.driver.chrome_1752371411986 - << {"id":39,"result":{},"sessionId":"60B56135D27872497838622C60201F00"}
08:50:16.367 [main] DEBUG c.i.k.driver.chrome_1752371411986 - >> {"id":40,"sessionId":"60B56135D27872497838622C60201F00","method":"Input.dispatchKeyEvent","params":{"modifiers":0,"type":"char","text":"s","windowsVirtualKeyCode":115}}
08:50:16.374 [nioEventLoopGroup-2-1] DEBUG c.i.k.driver.chrome_1752371411986 - << {"id":40,"result":{},"sessionId":"60B56135D27872497838622C60201F00"}
08:50:16.378 [main] DEBUG c.i.k.driver.chrome_1752371411986 - >> {"id":41,"sessionId":"60B56135D27872497838622C60201F00","method":"Input.dispatchKeyEvent","params":{"modifiers":0,"type":"keyUp","text":"s","windowsVirtualKeyCode":115}}
08:50:16.382 [nioEventLoopGroup-2-1] DEBUG c.i.k.driver.chrome_1752371411986 - << {"id":41,"result":{},"sessionId":"60B56135D27872497838622C60201F00"}
08:50:16.384 [main] DEBUG c.i.k.driver.chrome_1752371411986 - >> {"id":42,"sessionId":"60B56135D27872497838622C60201F00","method":"Input.dispatchKeyEvent","params":{"modifiers":0,"type":"rawKeyDown","text":"e","windowsVirtualKeyCode":101}}
08:50:16.388 [nioEventLoopGroup-2-1] DEBUG c.i.k.driver.chrome_1752371411986 - << {"id":42,"result":{},"sessionId":"60B56135D27872497838622C60201F00"}
08:50:16.391 [main] DEBUG c.i.k.driver.chrome_1752371411986 - >> {"id":43,"sessionId":"60B56135D27872497838622C60201F00","method":"Input.dispatchKeyEvent","params":{"modifiers":0,"type":"char","text":"e","windowsVirtualKeyCode":101}}
08:50:16.399 [nioEventLoopGroup-2-1] DEBUG c.i.k.driver.chrome_1752371411986 - << {"id":43,"result":{},"sessionId":"60B56135D27872497838622C60201F00"}
08:50:16.402 [main] DEBUG c.i.k.driver.chrome_1752371411986 - >> {"id":44,"sessionId":"60B56135D27872497838622C60201F00","method":"Input.dispatchKeyEvent","params":{"modifiers":0,"type":"keyUp","text":"e","windowsVirtualKeyCode":101}}
08:50:16.406 [nioEventLoopGroup-2-1] DEBUG c.i.k.driver.chrome_1752371411986 - << {"id":44,"result":{},"sessionId":"60B56135D27872497838622C60201F00"}
08:50:16.408 [main] DEBUG c.i.k.driver.chrome_1752371411986 - >> {"id":45,"sessionId":"60B56135D27872497838622C60201F00","method":"Input.dispatchKeyEvent","params":{"modifiers":0,"type":"rawKeyDown","text":"r","windowsVirtualKeyCode":114}}
08:50:16.413 [nioEventLoopGroup-2-1] DEBUG c.i.k.driver.chrome_1752371411986 - << {"id":45,"result":{},"sessionId":"60B56135D27872497838622C60201F00"}
08:50:16.414 [main] DEBUG c.i.k.driver.chrome_1752371411986 - >> {"id":46,"sessionId":"60B56135D27872497838622C60201F00","method":"Input.dispatchKeyEvent","params":{"modifiers":0,"type":"char","text":"r","windowsVirtualKeyCode":114}}
08:50:16.421 [nioEventLoopGroup-2-1] DEBUG c.i.k.driver.chrome_1752371411986 - << {"id":46,"result":{},"sessionId":"60B56135D27872497838622C60201F00"}
08:50:16.425 [main] DEBUG c.i.k.driver.chrome_1752371411986 - >> {"id":47,"sessionId":"60B56135D27872497838622C60201F00","method":"Input.dispatchKeyEvent","params":{"modifiers":0,"type":"keyUp","text":"r","windowsVirtualKeyCode":114}}
08:50:16.429 [nioEventLoopGroup-2-1] DEBUG c.i.k.driver.chrome_1752371411986 - << {"id":47,"result":{},"sessionId":"60B56135D27872497838622C60201F00"}
08:50:16.440 [main] DEBUG c.i.k.driver.chrome_1752371411986 - >> {"id":48,"sessionId":"60B56135D27872497838622C60201F00","method":"Runtime.evaluate","params":{"expression":"var e = document.evaluate(\"\/\/*[@id='password']\", document, null, 9, null).singleNodeValue; e.focus(); try { e.selectionStart = e.selectionEnd = e.value.length } catch(x) {}","returnByValue":true}}
08:50:16.446 [nioEventLoopGroup-2-1] DEBUG c.i.k.driver.chrome_1752371411986 - << {"id":48,"result":{"result":{"type":"number","value":0,"description":"0"}},"sessionId":"60B56135D27872497838622C60201F00"}
08:50:16.448 [main] DEBUG c.i.k.driver.chrome_1752371411986 - >> {"id":49,"sessionId":"60B56135D27872497838622C60201F00","method":"Input.dispatchKeyEvent","params":{"modifiers":0,"type":"rawKeyDown","text":"s","windowsVirtualKeyCode":115}}
08:50:16.452 [nioEventLoopGroup-2-1] DEBUG c.i.k.driver.chrome_1752371411986 - << {"id":49,"result":{},"sessionId":"60B56135D27872497838622C60201F00"}
08:50:16.454 [main] DEBUG c.i.k.driver.chrome_1752371411986 - >> {"id":50,"sessionId":"60B56135D27872497838622C60201F00","method":"Input.dispatchKeyEvent","params":{"modifiers":0,"type":"char","text":"s","windowsVirtualKeyCode":115}}
08:50:16.462 [nioEventLoopGroup-2-1] DEBUG c.i.k.driver.chrome_1752371411986 - << {"id":50,"result":{},"sessionId":"60B56135D27872497838622C60201F00"}
08:50:16.467 [main] DEBUG c.i.k.driver.chrome_1752371411986 - >> {"id":51,"sessionId":"60B56135D27872497838622C60201F00","method":"Input.dispatchKeyEvent","params":{"modifiers":0,"type":"keyUp","text":"s","windowsVirtualKeyCode":115}}
08:50:16.470 [nioEventLoopGroup-2-1] DEBUG c.i.k.driver.chrome_1752371411986 - << {"id":51,"result":{},"sessionId":"60B56135D27872497838622C60201F00"}
08:50:16.472 [main] DEBUG c.i.k.driver.chrome_1752371411986 - >> {"id":52,"sessionId":"60B56135D27872497838622C60201F00","method":"Input.dispatchKeyEvent","params":{"modifiers":0,"type":"rawKeyDown","text":"e","windowsVirtualKeyCode":101}}
08:50:16.476 [nioEventLoopGroup-2-1] DEBUG c.i.k.driver.chrome_1752371411986 - << {"id":52,"result":{},"sessionId":"60B56135D27872497838622C60201F00"}
08:50:16.477 [main] DEBUG c.i.k.driver.chrome_1752371411986 - >> {"id":53,"sessionId":"60B56135D27872497838622C60201F00","method":"Input.dispatchKeyEvent","params":{"modifiers":0,"type":"char","text":"e","windowsVirtualKeyCode":101}}
08:50:16.487 [nioEventLoopGroup-2-1] DEBUG c.i.k.driver.chrome_1752371411986 - << {"id":53,"result":{},"sessionId":"60B56135D27872497838622C60201F00"}
08:50:16.491 [main] DEBUG c.i.k.driver.chrome_1752371411986 - >> {"id":54,"sessionId":"60B56135D27872497838622C60201F00","method":"Input.dispatchKeyEvent","params":{"modifiers":0,"type":"keyUp","text":"e","windowsVirtualKeyCode":101}}
08:50:16.494 [nioEventLoopGroup-2-1] DEBUG c.i.k.driver.chrome_1752371411986 - << {"id":54,"result":{},"sessionId":"60B56135D27872497838622C60201F00"}
08:50:16.495 [main] DEBUG c.i.k.driver.chrome_1752371411986 - >> {"id":55,"sessionId":"60B56135D27872497838622C60201F00","method":"Input.dispatchKeyEvent","params":{"modifiers":0,"type":"rawKeyDown","text":"c","windowsVirtualKeyCode":99}}
08:50:16.499 [nioEventLoopGroup-2-1] DEBUG c.i.k.driver.chrome_1752371411986 - << {"id":55,"result":{},"sessionId":"60B56135D27872497838622C60201F00"}
08:50:16.501 [main] DEBUG c.i.k.driver.chrome_1752371411986 - >> {"id":56,"sessionId":"60B56135D27872497838622C60201F00","method":"Input.dispatchKeyEvent","params":{"modifiers":0,"type":"char","text":"c","windowsVirtualKeyCode":99}}
08:50:16.506 [nioEventLoopGroup-2-1] DEBUG c.i.k.driver.chrome_1752371411986 - << {"id":56,"result":{},"sessionId":"60B56135D27872497838622C60201F00"}
08:50:16.509 [main] DEBUG c.i.k.driver.chrome_1752371411986 - >> {"id":57,"sessionId":"60B56135D27872497838622C60201F00","method":"Input.dispatchKeyEvent","params":{"modifiers":0,"type":"keyUp","text":"c","windowsVirtualKeyCode":99}}
08:50:16.513 [nioEventLoopGroup-2-1] DEBUG c.i.k.driver.chrome_1752371411986 - << {"id":57,"result":{},"sessionId":"60B56135D27872497838622C60201F00"}
08:50:16.515 [main] DEBUG c.i.k.driver.chrome_1752371411986 - >> {"id":58,"sessionId":"60B56135D27872497838622C60201F00","method":"Input.dispatchKeyEvent","params":{"modifiers":0,"type":"rawKeyDown","text":"r","windowsVirtualKeyCode":114}}
08:50:16.519 [nioEventLoopGroup-2-1] DEBUG c.i.k.driver.chrome_1752371411986 - << {"id":58,"result":{},"sessionId":"60B56135D27872497838622C60201F00"}
08:50:16.520 [main] DEBUG c.i.k.driver.chrome_1752371411986 - >> {"id":59,"sessionId":"60B56135D27872497838622C60201F00","method":"Input.dispatchKeyEvent","params":{"modifiers":0,"type":"char","text":"r","windowsVirtualKeyCode":114}}
08:50:16.526 [nioEventLoopGroup-2-1] DEBUG c.i.k.driver.chrome_1752371411986 - << {"id":59,"result":{},"sessionId":"60B56135D27872497838622C60201F00"}
08:50:16.528 [main] DEBUG c.i.k.driver.chrome_1752371411986 - >> {"id":60,"sessionId":"60B56135D27872497838622C60201F00","method":"Input.dispatchKeyEvent","params":{"modifiers":0,"type":"keyUp","text":"r","windowsVirtualKeyCode":114}}
08:50:16.532 [nioEventLoopGroup-2-1] DEBUG c.i.k.driver.chrome_1752371411986 - << {"id":60,"result":{},"sessionId":"60B56135D27872497838622C60201F00"}
08:50:16.533 [main] DEBUG c.i.k.driver.chrome_1752371411986 - >> {"id":61,"sessionId":"60B56135D27872497838622C60201F00","method":"Input.dispatchKeyEvent","params":{"modifiers":0,"type":"rawKeyDown","text":"e","windowsVirtualKeyCode":101}}
08:50:16.536 [nioEventLoopGroup-2-1] DEBUG c.i.k.driver.chrome_1752371411986 - << {"id":61,"result":{},"sessionId":"60B56135D27872497838622C60201F00"}
08:50:16.537 [main] DEBUG c.i.k.driver.chrome_1752371411986 - >> {"id":62,"sessionId":"60B56135D27872497838622C60201F00","method":"Input.dispatchKeyEvent","params":{"modifiers":0,"type":"char","text":"e","windowsVirtualKeyCode":101}}
08:50:16.543 [nioEventLoopGroup-2-1] DEBUG c.i.k.driver.chrome_1752371411986 - << {"id":62,"result":{},"sessionId":"60B56135D27872497838622C60201F00"}
08:50:16.546 [main] DEBUG c.i.k.driver.chrome_1752371411986 - >> {"id":63,"sessionId":"60B56135D27872497838622C60201F00","method":"Input.dispatchKeyEvent","params":{"modifiers":0,"type":"keyUp","text":"e","windowsVirtualKeyCode":101}}
08:50:16.549 [nioEventLoopGroup-2-1] DEBUG c.i.k.driver.chrome_1752371411986 - << {"id":63,"result":{},"sessionId":"60B56135D27872497838622C60201F00"}
08:50:16.552 [main] DEBUG c.i.k.driver.chrome_1752371411986 - >> {"id":64,"sessionId":"60B56135D27872497838622C60201F00","method":"Input.dispatchKeyEvent","params":{"modifiers":0,"type":"rawKeyDown","text":"t","windowsVirtualKeyCode":116}}
08:50:16.559 [nioEventLoopGroup-2-1] DEBUG c.i.k.driver.chrome_1752371411986 - << {"id":64,"result":{},"sessionId":"60B56135D27872497838622C60201F00"}
08:50:16.559 [chrome_1752371411986-out] DEBUG c.i.k.driver.chrome_1752371411986 - WARNING: All log messages before absl::InitializeLog() is called are written to STDERR
08:50:16.559 [chrome_1752371411986-out] DEBUG c.i.k.driver.chrome_1752371411986 - I0000 00:00:1752371416.558981    5744 voice_transcription.cc:58] Registering VoiceTranscriptionCapability
08:50:16.561 [main] DEBUG c.i.k.driver.chrome_1752371411986 - >> {"id":65,"sessionId":"60B56135D27872497838622C60201F00","method":"Input.dispatchKeyEvent","params":{"modifiers":0,"type":"char","text":"t","windowsVirtualKeyCode":116}}
08:50:16.569 [nioEventLoopGroup-2-1] DEBUG c.i.k.driver.chrome_1752371411986 - << {"id":65,"result":{},"sessionId":"60B56135D27872497838622C60201F00"}
08:50:16.575 [main] DEBUG c.i.k.driver.chrome_1752371411986 - >> {"id":66,"sessionId":"60B56135D27872497838622C60201F00","method":"Input.dispatchKeyEvent","params":{"modifiers":0,"type":"keyUp","text":"t","windowsVirtualKeyCode":116}}
08:50:16.578 [nioEventLoopGroup-2-1] DEBUG c.i.k.driver.chrome_1752371411986 - << {"id":66,"result":{},"sessionId":"60B56135D27872497838622C60201F00"}
08:50:16.580 [main] DEBUG c.i.k.driver.chrome_1752371411986 - >> {"id":67,"sessionId":"60B56135D27872497838622C60201F00","method":"Input.dispatchKeyEvent","params":{"modifiers":0,"type":"rawKeyDown","text":"_","windowsVirtualKeyCode":523}}
08:50:16.584 [nioEventLoopGroup-2-1] DEBUG c.i.k.driver.chrome_1752371411986 - << {"id":67,"result":{},"sessionId":"60B56135D27872497838622C60201F00"}
08:50:16.585 [main] DEBUG c.i.k.driver.chrome_1752371411986 - >> {"id":68,"sessionId":"60B56135D27872497838622C60201F00","method":"Input.dispatchKeyEvent","params":{"modifiers":0,"type":"char","text":"_","windowsVirtualKeyCode":523}}
08:50:16.591 [nioEventLoopGroup-2-1] DEBUG c.i.k.driver.chrome_1752371411986 - << {"id":68,"result":{},"sessionId":"60B56135D27872497838622C60201F00"}
08:50:16.595 [main] DEBUG c.i.k.driver.chrome_1752371411986 - >> {"id":69,"sessionId":"60B56135D27872497838622C60201F00","method":"Input.dispatchKeyEvent","params":{"modifiers":0,"type":"keyUp","text":"_","windowsVirtualKeyCode":523}}
08:50:16.598 [nioEventLoopGroup-2-1] DEBUG c.i.k.driver.chrome_1752371411986 - << {"id":69,"result":{},"sessionId":"60B56135D27872497838622C60201F00"}
08:50:16.600 [main] DEBUG c.i.k.driver.chrome_1752371411986 - >> {"id":70,"sessionId":"60B56135D27872497838622C60201F00","method":"Input.dispatchKeyEvent","params":{"modifiers":0,"type":"rawKeyDown","text":"s","windowsVirtualKeyCode":115}}
08:50:16.603 [nioEventLoopGroup-2-1] DEBUG c.i.k.driver.chrome_1752371411986 - << {"id":70,"result":{},"sessionId":"60B56135D27872497838622C60201F00"}
08:50:16.606 [main] DEBUG c.i.k.driver.chrome_1752371411986 - >> {"id":71,"sessionId":"60B56135D27872497838622C60201F00","method":"Input.dispatchKeyEvent","params":{"modifiers":0,"type":"char","text":"s","windowsVirtualKeyCode":115}}
08:50:16.612 [nioEventLoopGroup-2-1] DEBUG c.i.k.driver.chrome_1752371411986 - << {"id":71,"result":{},"sessionId":"60B56135D27872497838622C60201F00"}
08:50:16.615 [main] DEBUG c.i.k.driver.chrome_1752371411986 - >> {"id":72,"sessionId":"60B56135D27872497838622C60201F00","method":"Input.dispatchKeyEvent","params":{"modifiers":0,"type":"keyUp","text":"s","windowsVirtualKeyCode":115}}
08:50:16.618 [nioEventLoopGroup-2-1] DEBUG c.i.k.driver.chrome_1752371411986 - << {"id":72,"result":{},"sessionId":"60B56135D27872497838622C60201F00"}
08:50:16.620 [main] DEBUG c.i.k.driver.chrome_1752371411986 - >> {"id":73,"sessionId":"60B56135D27872497838622C60201F00","method":"Input.dispatchKeyEvent","params":{"modifiers":0,"type":"rawKeyDown","text":"a","windowsVirtualKeyCode":97}}
08:50:16.623 [nioEventLoopGroup-2-1] DEBUG c.i.k.driver.chrome_1752371411986 - << {"id":73,"result":{},"sessionId":"60B56135D27872497838622C60201F00"}
08:50:16.625 [main] DEBUG c.i.k.driver.chrome_1752371411986 - >> {"id":74,"sessionId":"60B56135D27872497838622C60201F00","method":"Input.dispatchKeyEvent","params":{"modifiers":0,"type":"char","text":"a","windowsVirtualKeyCode":97}}
08:50:16.630 [nioEventLoopGroup-2-1] DEBUG c.i.k.driver.chrome_1752371411986 - << {"id":74,"result":{},"sessionId":"60B56135D27872497838622C60201F00"}
08:50:16.636 [main] DEBUG c.i.k.driver.chrome_1752371411986 - >> {"id":75,"sessionId":"60B56135D27872497838622C60201F00","method":"Input.dispatchKeyEvent","params":{"modifiers":0,"type":"keyUp","text":"a","windowsVirtualKeyCode":97}}
08:50:16.640 [nioEventLoopGroup-2-1] DEBUG c.i.k.driver.chrome_1752371411986 - << {"id":75,"result":{},"sessionId":"60B56135D27872497838622C60201F00"}
08:50:16.642 [main] DEBUG c.i.k.driver.chrome_1752371411986 - >> {"id":76,"sessionId":"60B56135D27872497838622C60201F00","method":"Input.dispatchKeyEvent","params":{"modifiers":0,"type":"rawKeyDown","text":"u","windowsVirtualKeyCode":117}}
08:50:16.647 [nioEventLoopGroup-2-1] DEBUG c.i.k.driver.chrome_1752371411986 - << {"id":76,"result":{},"sessionId":"60B56135D27872497838622C60201F00"}
08:50:16.648 [main] DEBUG c.i.k.driver.chrome_1752371411986 - >> {"id":77,"sessionId":"60B56135D27872497838622C60201F00","method":"Input.dispatchKeyEvent","params":{"modifiers":0,"type":"char","text":"u","windowsVirtualKeyCode":117}}
08:50:16.654 [nioEventLoopGroup-2-1] DEBUG c.i.k.driver.chrome_1752371411986 - << {"id":77,"result":{},"sessionId":"60B56135D27872497838622C60201F00"}
08:50:16.656 [main] DEBUG c.i.k.driver.chrome_1752371411986 - >> {"id":78,"sessionId":"60B56135D27872497838622C60201F00","method":"Input.dispatchKeyEvent","params":{"modifiers":0,"type":"keyUp","text":"u","windowsVirtualKeyCode":117}}
08:50:16.660 [nioEventLoopGroup-2-1] DEBUG c.i.k.driver.chrome_1752371411986 - << {"id":78,"result":{},"sessionId":"60B56135D27872497838622C60201F00"}
08:50:16.661 [main] DEBUG c.i.k.driver.chrome_1752371411986 - >> {"id":79,"sessionId":"60B56135D27872497838622C60201F00","method":"Input.dispatchKeyEvent","params":{"modifiers":0,"type":"rawKeyDown","text":"c","windowsVirtualKeyCode":99}}
08:50:16.665 [nioEventLoopGroup-2-1] DEBUG c.i.k.driver.chrome_1752371411986 - << {"id":79,"result":{},"sessionId":"60B56135D27872497838622C60201F00"}
08:50:16.666 [main] DEBUG c.i.k.driver.chrome_1752371411986 - >> {"id":80,"sessionId":"60B56135D27872497838622C60201F00","method":"Input.dispatchKeyEvent","params":{"modifiers":0,"type":"char","text":"c","windowsVirtualKeyCode":99}}
08:50:16.672 [nioEventLoopGroup-2-1] DEBUG c.i.k.driver.chrome_1752371411986 - << {"id":80,"result":{},"sessionId":"60B56135D27872497838622C60201F00"}
08:50:16.675 [main] DEBUG c.i.k.driver.chrome_1752371411986 - >> {"id":81,"sessionId":"60B56135D27872497838622C60201F00","method":"Input.dispatchKeyEvent","params":{"modifiers":0,"type":"keyUp","text":"c","windowsVirtualKeyCode":99}}
08:50:16.678 [nioEventLoopGroup-2-1] DEBUG c.i.k.driver.chrome_1752371411986 - << {"id":81,"result":{},"sessionId":"60B56135D27872497838622C60201F00"}
08:50:16.680 [main] DEBUG c.i.k.driver.chrome_1752371411986 - >> {"id":82,"sessionId":"60B56135D27872497838622C60201F00","method":"Input.dispatchKeyEvent","params":{"modifiers":0,"type":"rawKeyDown","text":"e","windowsVirtualKeyCode":101}}
08:50:16.683 [nioEventLoopGroup-2-1] DEBUG c.i.k.driver.chrome_1752371411986 - << {"id":82,"result":{},"sessionId":"60B56135D27872497838622C60201F00"}
08:50:16.685 [main] DEBUG c.i.k.driver.chrome_1752371411986 - >> {"id":83,"sessionId":"60B56135D27872497838622C60201F00","method":"Input.dispatchKeyEvent","params":{"modifiers":0,"type":"char","text":"e","windowsVirtualKeyCode":101}}
08:50:16.690 [nioEventLoopGroup-2-1] DEBUG c.i.k.driver.chrome_1752371411986 - << {"id":83,"result":{},"sessionId":"60B56135D27872497838622C60201F00"}
08:50:16.694 [main] DEBUG c.i.k.driver.chrome_1752371411986 - >> {"id":84,"sessionId":"60B56135D27872497838622C60201F00","method":"Input.dispatchKeyEvent","params":{"modifiers":0,"type":"keyUp","text":"e","windowsVirtualKeyCode":101}}
08:50:16.697 [nioEventLoopGroup-2-1] DEBUG c.i.k.driver.chrome_1752371411986 - << {"id":84,"result":{},"sessionId":"60B56135D27872497838622C60201F00"}
08:50:16.703 [main] DEBUG c.i.k.driver.chrome_1752371411986 - >> {"id":85,"sessionId":"60B56135D27872497838622C60201F00","method":"Runtime.evaluate","params":{"expression":"document.evaluate(\"\/\/*[@id='login-button']\", document, null, 9, null).singleNodeValue.click()","returnByValue":true}}
08:50:16.713 [nioEventLoopGroup-2-1] DEBUG c.i.k.driver.chrome_1752371411986 - << {"method":"Page.frameStartedLoading","params":{"frameId":"BBF93B2B4D5D3BE89B5E9A61ADCFD8B2"},"sessionId":"60B56135D27872497838622C60201F00"}
08:50:16.722 [nioEventLoopGroup-2-1] DEBUG c.i.k.driver.chrome_1752371411986 - << {"method":"Target.targetInfoChanged","params":{"targetInfo":{"targetId":"BBF93B2B4D5D3BE89B5E9A61ADCFD8B2","type":"page","title":"Swag Labs","url":"https://www.saucedemo.com/inventory.html","attached":true,"canAccessOpener":false,"browserContextId":"FE02727F5A1443356FEA5D63B90C5B1A"}},"sessionId":"60B56135D27872497838622C60201F00"}
08:50:16.724 [nioEventLoopGroup-2-1] DEBUG c.i.k.driver.chrome_1752371411986 - << {"method":"Page.navigatedWithinDocument","params":{"frameId":"BBF93B2B4D5D3BE89B5E9A61ADCFD8B2","url":"https://www.saucedemo.com/inventory.html","navigationType":"historyApi"},"sessionId":"60B56135D27872497838622C60201F00"}
08:50:16.725 [nioEventLoopGroup-2-1] DEBUG c.i.k.driver.chrome_1752371411986 - << {"method":"Page.frameStoppedLoading","params":{"frameId":"BBF93B2B4D5D3BE89B5E9A61ADCFD8B2"},"sessionId":"60B56135D27872497838622C60201F00"}
08:50:16.745 [nioEventLoopGroup-2-1] DEBUG c.i.k.driver.chrome_1752371411986 - << {"id":85,"result":{"result":{"type":"undefined"}},"sessionId":"60B56135D27872497838622C60201F00"}
08:50:16.853 [nioEventLoopGroup-2-1] DEBUG c.i.k.driver.chrome_1752371411986 - << {"method":"Runtime.consoleAPICalled","params":{"type":"log","args":[{"type":"string","value":"Content is cached for offline use."}],"executionContextId":1,"timestamp":1.75237141685099e+12,"stackTrace":{"callFrames":[{"functionName":"console.<computed>","scriptId":"6","url":"https://www.saucedemo.com/static/js/2.84a5cbf3.chunk.js","lineNumber":1,"columnNumber":123015},{"functionName":"a.onstatechange","scriptId":"7","url":"https://www.saucedemo.com/static/js/main.018d2d1e.chunk.js","lineNumber":0,"columnNumber":58496}]}},"sessionId":"60B56135D27872497838622C60201F00"}
08:50:16.856 [nioEventLoopGroup-2-1] DEBUG c.i.k.driver.chrome_1752371411986 - [console] Content is cached for offline use.
08:50:16.872 [main] INFO  c.intuit.karate.core.FeatureRuntime - classpath:UI/HomePageUI/HomePage.feature - call by tag at line 25: action_addProductToCart
08:50:16.946 [main] DEBUG c.intuit.karate.core.ScenarioEngine - over-writing existing variable 'homePage' with new value: read('classpath:UI/HomePageUI/saucedemo-HomePage.json')
08:50:17.250 [main] DEBUG c.i.k.driver.chrome_1752371411986 - >> {"id":86,"sessionId":"60B56135D27872497838622C60201F00","method":"Runtime.evaluate","params":{"expression":"document.evaluate(\"\/\/*[@id='add-to-cart-sauce-labs-backpack']\", document, null, 9, null).singleNodeValue.click()","returnByValue":true}}
08:50:17.256 [nioEventLoopGroup-2-1] DEBUG c.i.k.driver.chrome_1752371411986 - << {"id":86,"result":{"result":{"type":"undefined"}},"sessionId":"60B56135D27872497838622C60201F00"}
08:50:17.355 [main] DEBUG c.i.k.driver.chrome_1752371411986 - >> {"id":87,"sessionId":"60B56135D27872497838622C60201F00","method":"Runtime.evaluate","params":{"expression":"document.querySelector(\"#shopping_cart_container .shopping_cart_badge\")['textContent']","returnByValue":true}}
08:50:17.358 [nioEventLoopGroup-2-1] DEBUG c.i.k.driver.chrome_1752371411986 - << {"id":87,"result":{"result":{"type":"string","value":"1"}},"sessionId":"60B56135D27872497838622C60201F00"}
08:50:17.401 [main] DEBUG c.i.k.driver.chrome_1752371411986 - >> {"id":88,"sessionId":"60B56135D27872497838622C60201F00","method":"Target.closeTarget","params":{"targetId":"BBF93B2B4D5D3BE89B5E9A61ADCFD8B2"}}
08:50:17.403 [nioEventLoopGroup-2-1] DEBUG c.i.k.driver.chrome_1752371411986 - << {"id":88,"result":{"success":true},"sessionId":"60B56135D27872497838622C60201F00"}
08:50:17.409 [nioEventLoopGroup-2-1] DEBUG c.i.k.http.WebSocketClientHandler - websocket closing
08:50:17.412 [nioEventLoopGroup-2-1] DEBUG c.i.k.http.WebSocketClientHandler - websocket client disconnected
08:50:17.417 [main] DEBUG com.intuit.karate.shell.Command - closing command: chrome_1752371411986
08:50:17.471 [main] INFO  com.intuit.karate - karate.env system property was: null 
08:50:17.479 [main] DEBUG com.intuit.karate.shell.Command - found / verified free local port: 53624
08:50:17.480 [main] WARN  c.intuit.karate.driver.DriverOptions - preferred port 9222 not available, will use: 53624
08:50:17.483 [main] DEBUG c.i.k.driver.chrome_1752371417478 - poll attempt #0 for port to be ready - localhost:53624
08:50:17.487 [chrome_1752371417478] DEBUG c.i.k.driver.chrome_1752371417478 - command: [C:\Program Files\Google\Chrome\Application\chrome.exe, --remote-debugging-port=53624, --remote-allow-origins=*, --no-first-run, --user-data-dir=E:\Duy\Projects\practices\karate_framework\demo\target\chrome_1752371417478, --disable-popup-blocking, --disable-features=PasswordManager, --incognito], working dir: target\chrome_1752371417478
08:50:17.611 [chrome_1752371411986] WARN  com.intuit.karate.shell.Command - exit code was non-zero: 1 - [C:\Program Files\Google\Chrome\Application\chrome.exe, --remote-debugging-port=9222, --remote-allow-origins=*, --no-first-run, --user-data-dir=E:\Duy\Projects\practices\karate_framework\demo\target\chrome_1752371411986, --disable-popup-blocking, --disable-features=PasswordManager, --incognito] working dir: target\chrome_1752371411986
08:50:17.736 [main] DEBUG c.i.k.driver.chrome_1752371417478 - poll attempt #1 for port to be ready - localhost:53624
08:50:17.878 [chrome_1752371417478-out] DEBUG c.i.k.driver.chrome_1752371417478 - 
08:50:17.878 [chrome_1752371417478-out] DEBUG c.i.k.driver.chrome_1752371417478 - DevTools listening on ws://127.0.0.1:53624/devtools/browser/d83fba2c-affb-41df-8f44-70dc01c2bc50
08:50:17.990 [main] DEBUG c.i.k.driver.chrome_1752371417478 - poll attempt #2 for port to be ready - localhost:53624
08:50:18.041 [main] DEBUG com.intuit.karate - request:
1 > GET http://localhost:53624/json
1 > Host: localhost:53624
1 > Connection: Keep-Alive
1 > User-Agent: Apache-HttpClient/4.5.14 (Java/21.0.7)
1 > Accept-Encoding: gzip,deflate


08:50:18.102 [main] DEBUG com.intuit.karate - response time in milliseconds: 60
1 < 200
1 < Content-Security-Policy: frame-ancestors 'none'
1 < Content-Length: 1430
1 < Content-Type: application/json; charset=UTF-8
[ {
   "description": "",
   "devtoolsFrontendUrl": "https://chrome-devtools-frontend.appspot.com/serve_rev/@a2159ad9ab8037bd34a21b9903003e0964c2075b/inspector.html?ws=localhost:53624/devtools/page/F9AC74D94884ACC3DEEEC2CCAB5700DD",
   "id": "F9AC74D94884ACC3DEEEC2CCAB5700DD",
   "title": "Google Hangouts",
   "type": "background_page",
   "url": "chrome-extension://nkeimhogjdpnpccoofpliimaahmaaome/background.html",
   "webSocketDebuggerUrl": "ws://localhost:53624/devtools/page/F9AC74D94884ACC3DEEEC2CCAB5700DD"
}, {
   "description": "",
   "devtoolsFrontendUrl": "https://chrome-devtools-frontend.appspot.com/serve_rev/@a2159ad9ab8037bd34a21b9903003e0964c2075b/inspector.html?ws=localhost:53624/devtools/page/8943A661C9C4661625D673815B0E5C5B",
   "id": "8943A661C9C4661625D673815B0E5C5B",
   "title": "",
   "type": "other",
   "url": "",
   "webSocketDebuggerUrl": "ws://localhost:53624/devtools/page/8943A661C9C4661625D673815B0E5C5B"
}, {
   "description": "",
   "devtoolsFrontendUrl": "https://chrome-devtools-frontend.appspot.com/serve_rev/@a2159ad9ab8037bd34a21b9903003e0964c2075b/inspector.html?ws=localhost:53624/devtools/page/EE65992284441BF945A544EAECC2FB05",
   "id": "EE65992284441BF945A544EAECC2FB05",
   "title": "New Incognito Tab",
   "type": "page",
   "url": "chrome://newtab/",
   "webSocketDebuggerUrl": "ws://localhost:53624/devtools/page/EE65992284441BF945A544EAECC2FB05"
} ]


08:50:18.106 [main] DEBUG com.intuit.karate.shell.Command - ready to accept http connections after 92 ms - http://localhost:53624/json
08:50:18.107 [main] DEBUG com.intuit.karate - request:
1 > GET http://localhost:53624/json
1 > Host: localhost:53624
1 > Connection: Keep-Alive
1 > User-Agent: Apache-HttpClient/4.5.14 (Java/21.0.7)
1 > Accept-Encoding: gzip,deflate


08:50:18.136 [main] DEBUG com.intuit.karate - response time in milliseconds: 28
1 < 200
1 < Content-Security-Policy: frame-ancestors 'none'
1 < Content-Length: 1522
1 < Content-Type: application/json; charset=UTF-8
[ {
   "description": "",
   "devtoolsFrontendUrl": "https://chrome-devtools-frontend.appspot.com/serve_rev/@a2159ad9ab8037bd34a21b9903003e0964c2075b/inspector.html?ws=localhost:53624/devtools/page/F9AC74D94884ACC3DEEEC2CCAB5700DD",
   "id": "F9AC74D94884ACC3DEEEC2CCAB5700DD",
   "title": "Google Hangouts",
   "type": "background_page",
   "url": "chrome-extension://nkeimhogjdpnpccoofpliimaahmaaome/background.html",
   "webSocketDebuggerUrl": "ws://localhost:53624/devtools/page/F9AC74D94884ACC3DEEEC2CCAB5700DD"
}, {
   "description": "",
   "devtoolsFrontendUrl": "https://chrome-devtools-frontend.appspot.com/serve_rev/@a2159ad9ab8037bd34a21b9903003e0964c2075b/inspector.html?ws=localhost:53624/devtools/page/8943A661C9C4661625D673815B0E5C5B",
   "id": "8943A661C9C4661625D673815B0E5C5B",
   "title": "Google Hangouts",
   "type": "background_page",
   "url": "chrome-extension://nkeimhogjdpnpccoofpliimaahmaaome/background.html",
   "webSocketDebuggerUrl": "ws://localhost:53624/devtools/page/8943A661C9C4661625D673815B0E5C5B"
}, {
   "description": "",
   "devtoolsFrontendUrl": "https://chrome-devtools-frontend.appspot.com/serve_rev/@a2159ad9ab8037bd34a21b9903003e0964c2075b/inspector.html?ws=localhost:53624/devtools/page/EE65992284441BF945A544EAECC2FB05",
   "id": "EE65992284441BF945A544EAECC2FB05",
   "title": "New Incognito Tab",
   "type": "page",
   "url": "chrome://newtab/",
   "webSocketDebuggerUrl": "ws://localhost:53624/devtools/page/EE65992284441BF945A544EAECC2FB05"
} ]


08:50:18.139 [main] DEBUG c.i.k.driver.chrome_1752371417478 - root frame id: EE65992284441BF945A544EAECC2FB05
08:50:18.211 [nioEventLoopGroup-3-1] DEBUG c.i.k.http.WebSocketClientHandler - websocket client connected
08:50:18.213 [main] DEBUG c.i.k.driver.chrome_1752371417478 - >> {"id":1,"method":"Target.attachToTarget","params":{"targetId":"EE65992284441BF945A544EAECC2FB05","flatten":true}}
08:50:18.218 [nioEventLoopGroup-3-1] DEBUG c.i.k.driver.chrome_1752371417478 - << {"method":"Target.attachedToTarget","params":{"sessionId":"F59642172AB9A721A267FD256CC91632","targetInfo":{"targetId":"EE65992284441BF945A544EAECC2FB05","type":"page","title":"New Incognito Tab","url":"chrome://newtab/","attached":true,"canAccessOpener":false,"browserContextId":"02F799AD781FD57199D5B9910416BD3A"},"waitingForDebugger":false}}
08:50:18.219 [nioEventLoopGroup-3-1] DEBUG c.i.k.driver.chrome_1752371417478 - << {"id":1,"result":{"sessionId":"F59642172AB9A721A267FD256CC91632"}}
08:50:18.220 [main] DEBUG c.i.k.driver.chrome_1752371417478 - >> {"id":2,"sessionId":"F59642172AB9A721A267FD256CC91632","method":"Target.activateTarget","params":{"targetId":"EE65992284441BF945A544EAECC2FB05"}}
08:50:18.224 [nioEventLoopGroup-3-1] DEBUG c.i.k.driver.chrome_1752371417478 - << {"id":2,"result":{},"sessionId":"F59642172AB9A721A267FD256CC91632"}
08:50:18.236 [main] DEBUG c.i.k.driver.chrome_1752371417478 - >> {"id":3,"sessionId":"F59642172AB9A721A267FD256CC91632","method":"Target.setDiscoverTargets","params":{"discover":true}}
08:50:18.238 [nioEventLoopGroup-3-1] DEBUG c.i.k.driver.chrome_1752371417478 - << {"method":"Target.targetCreated","params":{"targetInfo":{"targetId":"8943A661C9C4661625D673815B0E5C5B","type":"background_page","title":"Google Hangouts","url":"chrome-extension://nkeimhogjdpnpccoofpliimaahmaaome/background.html","attached":false,"canAccessOpener":false,"browserContextId":"F16A8AA1F6408E53A11C7D197BB8A545"}},"sessionId":"F59642172AB9A721A267FD256CC91632"}
08:50:18.239 [nioEventLoopGroup-3-1] DEBUG c.i.k.driver.chrome_1752371417478 - << {"method":"Target.targetCreated","params":{"targetInfo":{"targetId":"EE65992284441BF945A544EAECC2FB05","type":"page","title":"New Incognito Tab","url":"chrome://newtab/","attached":true,"canAccessOpener":false,"browserContextId":"02F799AD781FD57199D5B9910416BD3A"}},"sessionId":"F59642172AB9A721A267FD256CC91632"}
08:50:18.240 [nioEventLoopGroup-3-1] DEBUG c.i.k.driver.chrome_1752371417478 - << {"method":"Target.targetCreated","params":{"targetInfo":{"targetId":"F9AC74D94884ACC3DEEEC2CCAB5700DD","type":"background_page","title":"Google Hangouts","url":"chrome-extension://nkeimhogjdpnpccoofpliimaahmaaome/background.html","attached":false,"canAccessOpener":false,"browserContextId":"02F799AD781FD57199D5B9910416BD3A"}},"sessionId":"F59642172AB9A721A267FD256CC91632"}
08:50:18.241 [nioEventLoopGroup-3-1] DEBUG c.i.k.driver.chrome_1752371417478 - << {"id":3,"result":{},"sessionId":"F59642172AB9A721A267FD256CC91632"}
08:50:18.248 [main] DEBUG c.i.k.driver.chrome_1752371417478 - >> {"id":4,"sessionId":"F59642172AB9A721A267FD256CC91632","method":"Page.enable"}
08:50:18.253 [nioEventLoopGroup-3-1] DEBUG c.i.k.driver.chrome_1752371417478 - << {"id":4,"result":{},"sessionId":"F59642172AB9A721A267FD256CC91632"}
08:50:18.263 [main] DEBUG c.i.k.driver.chrome_1752371417478 - >> {"id":5,"sessionId":"F59642172AB9A721A267FD256CC91632","method":"Runtime.enable"}
08:50:18.266 [nioEventLoopGroup-3-1] DEBUG c.i.k.driver.chrome_1752371417478 - << {"method":"Runtime.executionContextCreated","params":{"context":{"id":1,"origin":"chrome://newtab","name":"","uniqueId":"-3780930435201019808.7702724863254327913","auxData":{"isDefault":true,"type":"default","frameId":"EE65992284441BF945A544EAECC2FB05"}}},"sessionId":"F59642172AB9A721A267FD256CC91632"}
08:50:18.267 [nioEventLoopGroup-3-1] DEBUG c.i.k.driver.chrome_1752371417478 - << {"id":5,"result":{},"sessionId":"F59642172AB9A721A267FD256CC91632"}
08:50:18.272 [main] DEBUG c.i.k.driver.chrome_1752371417478 - >> {"id":6,"sessionId":"F59642172AB9A721A267FD256CC91632","method":"Browser.getWindowForTarget","params":{"targetId":"EE65992284441BF945A544EAECC2FB05"}}
08:50:18.275 [nioEventLoopGroup-3-1] DEBUG c.i.k.driver.chrome_1752371417478 - << {"method":"Target.targetInfoChanged","params":{"targetInfo":{"targetId":"F9AC74D94884ACC3DEEEC2CCAB5700DD","type":"background_page","title":"Google Hangouts","url":"chrome-extension://nkeimhogjdpnpccoofpliimaahmaaome/background.html","attached":false,"canAccessOpener":false,"browserContextId":"02F799AD781FD57199D5B9910416BD3A"}},"sessionId":"F59642172AB9A721A267FD256CC91632"}
08:50:18.288 [nioEventLoopGroup-3-1] DEBUG c.i.k.driver.chrome_1752371417478 - << {"id":6,"result":{"windowId":558889743,"bounds":{"left":10,"top":10,"width":945,"height":1060,"windowState":"normal"}},"sessionId":"F59642172AB9A721A267FD256CC91632"}
08:50:18.323 [nioEventLoopGroup-3-1] DEBUG c.i.k.driver.chrome_1752371417478 - << {"method":"Target.targetInfoChanged","params":{"targetInfo":{"targetId":"8943A661C9C4661625D673815B0E5C5B","type":"background_page","title":"Google Hangouts","url":"chrome-extension://nkeimhogjdpnpccoofpliimaahmaaome/background.html","attached":false,"canAccessOpener":false,"browserContextId":"F16A8AA1F6408E53A11C7D197BB8A545"}},"sessionId":"F59642172AB9A721A267FD256CC91632"}
08:50:18.470 [nioEventLoopGroup-3-1] DEBUG c.i.k.driver.chrome_1752371417478 - << {"method":"Page.domContentEventFired","params":{"timestamp":251470.014086},"sessionId":"F59642172AB9A721A267FD256CC91632"}
08:50:18.483 [main] DEBUG c.i.k.driver.chrome_1752371417478 - >> {"id":7,"sessionId":"F59642172AB9A721A267FD256CC91632","method":"Page.navigate","params":{"url":"https:\/\/saucedemo.com\/"}}
08:50:18.493 [nioEventLoopGroup-3-1] DEBUG c.i.k.driver.chrome_1752371417478 - << {"method":"Page.frameStartedNavigating","params":{"frameId":"EE65992284441BF945A544EAECC2FB05","url":"https://saucedemo.com/","loaderId":"C7994EE9BE564EB66289178BC4A9283A","navigationType":"differentDocument"},"sessionId":"F59642172AB9A721A267FD256CC91632"}
08:50:18.494 [nioEventLoopGroup-3-1] DEBUG c.i.k.driver.chrome_1752371417478 - << {"method":"Page.frameStartedLoading","params":{"frameId":"EE65992284441BF945A544EAECC2FB05"},"sessionId":"F59642172AB9A721A267FD256CC91632"}
08:50:18.515 [nioEventLoopGroup-3-1] DEBUG c.i.k.driver.chrome_1752371417478 - << {"method":"Page.loadEventFired","params":{"timestamp":251470.058791},"sessionId":"F59642172AB9A721A267FD256CC91632"}
08:50:18.516 [nioEventLoopGroup-3-1] DEBUG c.i.k.driver.chrome_1752371417478 - << {"method":"Page.frameStartedLoading","params":{"frameId":"EE65992284441BF945A544EAECC2FB05"},"sessionId":"F59642172AB9A721A267FD256CC91632"}
08:50:18.718 [nioEventLoopGroup-3-1] DEBUG c.i.k.driver.chrome_1752371417478 - << {"id":7,"result":{"frameId":"EE65992284441BF945A544EAECC2FB05","loaderId":"C7994EE9BE564EB66289178BC4A9283A"},"sessionId":"F59642172AB9A721A267FD256CC91632"}
08:50:18.722 [nioEventLoopGroup-3-1] DEBUG c.i.k.driver.chrome_1752371417478 - << {"method":"Runtime.executionContextsCleared","params":{},"sessionId":"F59642172AB9A721A267FD256CC91632"}
08:50:18.724 [nioEventLoopGroup-3-1] DEBUG c.i.k.driver.chrome_1752371417478 - << {"method":"Runtime.executionContextsCleared","params":{},"sessionId":"F59642172AB9A721A267FD256CC91632"}
08:50:18.725 [nioEventLoopGroup-3-1] DEBUG c.i.k.driver.chrome_1752371417478 - << {"method":"Page.frameNavigated","params":{"frame":{"id":"EE65992284441BF945A544EAECC2FB05","loaderId":"C7994EE9BE564EB66289178BC4A9283A","url":"https://www.saucedemo.com/","domainAndRegistry":"saucedemo.com","securityOrigin":"https://www.saucedemo.com","securityOriginDetails":{"isLocalhost":false},"mimeType":"text/html","adFrameStatus":{"adFrameType":"none"},"secureContextType":"Secure","crossOriginIsolatedContextType":"NotIsolated","gatedAPIFeatures":[]},"type":"Navigation"},"sessionId":"F59642172AB9A721A267FD256CC91632"}
08:50:18.739 [nioEventLoopGroup-3-1] DEBUG c.i.k.driver.chrome_1752371417478 - << {"method":"Target.targetInfoChanged","params":{"targetInfo":{"targetId":"EE65992284441BF945A544EAECC2FB05","type":"page","title":"saucedemo.com","url":"https://www.saucedemo.com/","attached":true,"canAccessOpener":false,"browserContextId":"02F799AD781FD57199D5B9910416BD3A"}},"sessionId":"F59642172AB9A721A267FD256CC91632"}
08:50:18.745 [nioEventLoopGroup-3-1] DEBUG c.i.k.driver.chrome_1752371417478 - << {"method":"Runtime.executionContextCreated","params":{"context":{"id":1,"origin":"https://www.saucedemo.com","name":"","uniqueId":"8646181088075247009.-4546702521288158228","auxData":{"isDefault":true,"type":"default","frameId":"EE65992284441BF945A544EAECC2FB05"}}},"sessionId":"F59642172AB9A721A267FD256CC91632"}
08:50:19.232 [nioEventLoopGroup-3-1] DEBUG c.i.k.driver.chrome_1752371417478 - << {"method":"Target.targetCreated","params":{"targetInfo":{"targetId":"E75E138ADDD40BBAF3752D7D959892E7","type":"service_worker","title":"Service Worker chrome-extension://fignfifoniblkonapihmkfakmlgkbkcf/service_worker.js","url":"chrome-extension://fignfifoniblkonapihmkfakmlgkbkcf/service_worker.js","attached":false,"canAccessOpener":false,"browserContextId":"F16A8AA1F6408E53A11C7D197BB8A545"}},"sessionId":"F59642172AB9A721A267FD256CC91632"}
08:50:19.251 [nioEventLoopGroup-3-1] DEBUG c.i.k.driver.chrome_1752371417478 - << {"method":"Page.domContentEventFired","params":{"timestamp":251470.786532},"sessionId":"F59642172AB9A721A267FD256CC91632"}
08:50:19.258 [main] INFO  c.intuit.karate.core.FeatureRuntime - classpath:UI/LoginUI/LoginPage.feature - call by tag at line 7: action_attemptLogin
08:50:19.332 [main] DEBUG c.i.k.driver.chrome_1752371417478 - >> {"id":8,"sessionId":"F59642172AB9A721A267FD256CC91632","method":"Runtime.evaluate","params":{"expression":"var e = document.evaluate(\"\/\/*[@id='user-name']\", document, null, 9, null).singleNodeValue; e.focus(); try { e.selectionStart = e.selectionEnd = e.value.length } catch(x) {}","returnByValue":true}}
08:50:19.339 [nioEventLoopGroup-3-1] DEBUG c.i.k.driver.chrome_1752371417478 - << {"id":8,"result":{"result":{"type":"number","value":0,"description":"0"}},"sessionId":"F59642172AB9A721A267FD256CC91632"}
08:50:19.342 [main] DEBUG c.i.k.driver.chrome_1752371417478 - >> {"id":9,"sessionId":"F59642172AB9A721A267FD256CC91632","method":"Input.dispatchKeyEvent","params":{"modifiers":0,"type":"rawKeyDown","text":"s","windowsVirtualKeyCode":115}}
08:50:19.352 [nioEventLoopGroup-3-1] DEBUG c.i.k.driver.chrome_1752371417478 - << {"id":9,"result":{},"sessionId":"F59642172AB9A721A267FD256CC91632"}
08:50:19.353 [main] DEBUG c.i.k.driver.chrome_1752371417478 - >> {"id":10,"sessionId":"F59642172AB9A721A267FD256CC91632","method":"Input.dispatchKeyEvent","params":{"modifiers":0,"type":"char","text":"s","windowsVirtualKeyCode":115}}
08:50:19.373 [nioEventLoopGroup-3-1] DEBUG c.i.k.driver.chrome_1752371417478 - << {"id":10,"result":{},"sessionId":"F59642172AB9A721A267FD256CC91632"}
08:50:19.374 [main] DEBUG c.i.k.driver.chrome_1752371417478 - >> {"id":11,"sessionId":"F59642172AB9A721A267FD256CC91632","method":"Input.dispatchKeyEvent","params":{"modifiers":0,"type":"keyUp","text":"s","windowsVirtualKeyCode":115}}
08:50:19.383 [nioEventLoopGroup-3-1] DEBUG c.i.k.driver.chrome_1752371417478 - << {"id":11,"result":{},"sessionId":"F59642172AB9A721A267FD256CC91632"}
08:50:19.384 [main] DEBUG c.i.k.driver.chrome_1752371417478 - >> {"id":12,"sessionId":"F59642172AB9A721A267FD256CC91632","method":"Input.dispatchKeyEvent","params":{"modifiers":0,"type":"rawKeyDown","text":"t","windowsVirtualKeyCode":116}}
08:50:19.388 [nioEventLoopGroup-3-1] DEBUG c.i.k.driver.chrome_1752371417478 - << {"id":12,"result":{},"sessionId":"F59642172AB9A721A267FD256CC91632"}
08:50:19.390 [main] DEBUG c.i.k.driver.chrome_1752371417478 - >> {"id":13,"sessionId":"F59642172AB9A721A267FD256CC91632","method":"Input.dispatchKeyEvent","params":{"modifiers":0,"type":"char","text":"t","windowsVirtualKeyCode":116}}
08:50:19.398 [nioEventLoopGroup-3-1] DEBUG c.i.k.driver.chrome_1752371417478 - << {"id":13,"result":{},"sessionId":"F59642172AB9A721A267FD256CC91632"}
08:50:19.399 [main] DEBUG c.i.k.driver.chrome_1752371417478 - >> {"id":14,"sessionId":"F59642172AB9A721A267FD256CC91632","method":"Input.dispatchKeyEvent","params":{"modifiers":0,"type":"keyUp","text":"t","windowsVirtualKeyCode":116}}
08:50:19.403 [nioEventLoopGroup-3-1] DEBUG c.i.k.driver.chrome_1752371417478 - << {"id":14,"result":{},"sessionId":"F59642172AB9A721A267FD256CC91632"}
08:50:19.404 [main] DEBUG c.i.k.driver.chrome_1752371417478 - >> {"id":15,"sessionId":"F59642172AB9A721A267FD256CC91632","method":"Input.dispatchKeyEvent","params":{"modifiers":0,"type":"rawKeyDown","text":"a","windowsVirtualKeyCode":97}}
08:50:19.409 [nioEventLoopGroup-3-1] DEBUG c.i.k.driver.chrome_1752371417478 - << {"id":15,"result":{},"sessionId":"F59642172AB9A721A267FD256CC91632"}
08:50:19.410 [main] DEBUG c.i.k.driver.chrome_1752371417478 - >> {"id":16,"sessionId":"F59642172AB9A721A267FD256CC91632","method":"Input.dispatchKeyEvent","params":{"modifiers":0,"type":"char","text":"a","windowsVirtualKeyCode":97}}
08:50:19.418 [nioEventLoopGroup-3-1] DEBUG c.i.k.driver.chrome_1752371417478 - << {"id":16,"result":{},"sessionId":"F59642172AB9A721A267FD256CC91632"}
08:50:19.419 [main] DEBUG c.i.k.driver.chrome_1752371417478 - >> {"id":17,"sessionId":"F59642172AB9A721A267FD256CC91632","method":"Input.dispatchKeyEvent","params":{"modifiers":0,"type":"keyUp","text":"a","windowsVirtualKeyCode":97}}
08:50:19.424 [nioEventLoopGroup-3-1] DEBUG c.i.k.driver.chrome_1752371417478 - << {"id":17,"result":{},"sessionId":"F59642172AB9A721A267FD256CC91632"}
08:50:19.425 [main] DEBUG c.i.k.driver.chrome_1752371417478 - >> {"id":18,"sessionId":"F59642172AB9A721A267FD256CC91632","method":"Input.dispatchKeyEvent","params":{"modifiers":0,"type":"rawKeyDown","text":"n","windowsVirtualKeyCode":110}}
08:50:19.429 [nioEventLoopGroup-3-1] DEBUG c.i.k.driver.chrome_1752371417478 - << {"id":18,"result":{},"sessionId":"F59642172AB9A721A267FD256CC91632"}
08:50:19.431 [main] DEBUG c.i.k.driver.chrome_1752371417478 - >> {"id":19,"sessionId":"F59642172AB9A721A267FD256CC91632","method":"Input.dispatchKeyEvent","params":{"modifiers":0,"type":"char","text":"n","windowsVirtualKeyCode":110}}
08:50:19.438 [nioEventLoopGroup-3-1] DEBUG c.i.k.driver.chrome_1752371417478 - << {"id":19,"result":{},"sessionId":"F59642172AB9A721A267FD256CC91632"}
08:50:19.441 [main] DEBUG c.i.k.driver.chrome_1752371417478 - >> {"id":20,"sessionId":"F59642172AB9A721A267FD256CC91632","method":"Input.dispatchKeyEvent","params":{"modifiers":0,"type":"keyUp","text":"n","windowsVirtualKeyCode":110}}
08:50:19.445 [nioEventLoopGroup-3-1] DEBUG c.i.k.driver.chrome_1752371417478 - << {"id":20,"result":{},"sessionId":"F59642172AB9A721A267FD256CC91632"}
08:50:19.446 [main] DEBUG c.i.k.driver.chrome_1752371417478 - >> {"id":21,"sessionId":"F59642172AB9A721A267FD256CC91632","method":"Input.dispatchKeyEvent","params":{"modifiers":0,"type":"rawKeyDown","text":"d","windowsVirtualKeyCode":100}}
08:50:19.449 [nioEventLoopGroup-3-1] DEBUG c.i.k.driver.chrome_1752371417478 - << {"id":21,"result":{},"sessionId":"F59642172AB9A721A267FD256CC91632"}
08:50:19.450 [main] DEBUG c.i.k.driver.chrome_1752371417478 - >> {"id":22,"sessionId":"F59642172AB9A721A267FD256CC91632","method":"Input.dispatchKeyEvent","params":{"modifiers":0,"type":"char","text":"d","windowsVirtualKeyCode":100}}
08:50:19.456 [nioEventLoopGroup-3-1] DEBUG c.i.k.driver.chrome_1752371417478 - << {"id":22,"result":{},"sessionId":"F59642172AB9A721A267FD256CC91632"}
08:50:19.458 [main] DEBUG c.i.k.driver.chrome_1752371417478 - >> {"id":23,"sessionId":"F59642172AB9A721A267FD256CC91632","method":"Input.dispatchKeyEvent","params":{"modifiers":0,"type":"keyUp","text":"d","windowsVirtualKeyCode":100}}
08:50:19.462 [nioEventLoopGroup-3-1] DEBUG c.i.k.driver.chrome_1752371417478 - << {"id":23,"result":{},"sessionId":"F59642172AB9A721A267FD256CC91632"}
08:50:19.463 [main] DEBUG c.i.k.driver.chrome_1752371417478 - >> {"id":24,"sessionId":"F59642172AB9A721A267FD256CC91632","method":"Input.dispatchKeyEvent","params":{"modifiers":0,"type":"rawKeyDown","text":"a","windowsVirtualKeyCode":97}}
08:50:19.466 [nioEventLoopGroup-3-1] DEBUG c.i.k.driver.chrome_1752371417478 - << {"id":24,"result":{},"sessionId":"F59642172AB9A721A267FD256CC91632"}
08:50:19.467 [main] DEBUG c.i.k.driver.chrome_1752371417478 - >> {"id":25,"sessionId":"F59642172AB9A721A267FD256CC91632","method":"Input.dispatchKeyEvent","params":{"modifiers":0,"type":"char","text":"a","windowsVirtualKeyCode":97}}
08:50:19.474 [nioEventLoopGroup-3-1] DEBUG c.i.k.driver.chrome_1752371417478 - << {"id":25,"result":{},"sessionId":"F59642172AB9A721A267FD256CC91632"}
08:50:19.476 [main] DEBUG c.i.k.driver.chrome_1752371417478 - >> {"id":26,"sessionId":"F59642172AB9A721A267FD256CC91632","method":"Input.dispatchKeyEvent","params":{"modifiers":0,"type":"keyUp","text":"a","windowsVirtualKeyCode":97}}
08:50:19.479 [nioEventLoopGroup-3-1] DEBUG c.i.k.driver.chrome_1752371417478 - << {"id":26,"result":{},"sessionId":"F59642172AB9A721A267FD256CC91632"}
08:50:19.480 [main] DEBUG c.i.k.driver.chrome_1752371417478 - >> {"id":27,"sessionId":"F59642172AB9A721A267FD256CC91632","method":"Input.dispatchKeyEvent","params":{"modifiers":0,"type":"rawKeyDown","text":"r","windowsVirtualKeyCode":114}}
08:50:19.494 [nioEventLoopGroup-3-1] DEBUG c.i.k.driver.chrome_1752371417478 - << {"id":27,"result":{},"sessionId":"F59642172AB9A721A267FD256CC91632"}
08:50:19.496 [main] DEBUG c.i.k.driver.chrome_1752371417478 - >> {"id":28,"sessionId":"F59642172AB9A721A267FD256CC91632","method":"Input.dispatchKeyEvent","params":{"modifiers":0,"type":"char","text":"r","windowsVirtualKeyCode":114}}
08:50:19.514 [nioEventLoopGroup-3-1] DEBUG c.i.k.driver.chrome_1752371417478 - << {"id":28,"result":{},"sessionId":"F59642172AB9A721A267FD256CC91632"}
08:50:19.515 [main] DEBUG c.i.k.driver.chrome_1752371417478 - >> {"id":29,"sessionId":"F59642172AB9A721A267FD256CC91632","method":"Input.dispatchKeyEvent","params":{"modifiers":0,"type":"keyUp","text":"r","windowsVirtualKeyCode":114}}
08:50:19.522 [nioEventLoopGroup-3-1] DEBUG c.i.k.driver.chrome_1752371417478 - << {"id":29,"result":{},"sessionId":"F59642172AB9A721A267FD256CC91632"}
08:50:19.529 [main] DEBUG c.i.k.driver.chrome_1752371417478 - >> {"id":30,"sessionId":"F59642172AB9A721A267FD256CC91632","method":"Input.dispatchKeyEvent","params":{"modifiers":0,"type":"rawKeyDown","text":"d","windowsVirtualKeyCode":100}}
08:50:19.534 [nioEventLoopGroup-3-1] DEBUG c.i.k.driver.chrome_1752371417478 - << {"id":30,"result":{},"sessionId":"F59642172AB9A721A267FD256CC91632"}
08:50:19.535 [main] DEBUG c.i.k.driver.chrome_1752371417478 - >> {"id":31,"sessionId":"F59642172AB9A721A267FD256CC91632","method":"Input.dispatchKeyEvent","params":{"modifiers":0,"type":"char","text":"d","windowsVirtualKeyCode":100}}
08:50:19.547 [nioEventLoopGroup-3-1] DEBUG c.i.k.driver.chrome_1752371417478 - << {"id":31,"result":{},"sessionId":"F59642172AB9A721A267FD256CC91632"}
08:50:19.550 [main] DEBUG c.i.k.driver.chrome_1752371417478 - >> {"id":32,"sessionId":"F59642172AB9A721A267FD256CC91632","method":"Input.dispatchKeyEvent","params":{"modifiers":0,"type":"keyUp","text":"d","windowsVirtualKeyCode":100}}
08:50:19.554 [nioEventLoopGroup-3-1] DEBUG c.i.k.driver.chrome_1752371417478 - << {"id":32,"result":{},"sessionId":"F59642172AB9A721A267FD256CC91632"}
08:50:19.558 [main] DEBUG c.i.k.driver.chrome_1752371417478 - >> {"id":33,"sessionId":"F59642172AB9A721A267FD256CC91632","method":"Input.dispatchKeyEvent","params":{"modifiers":0,"type":"rawKeyDown","text":"_","windowsVirtualKeyCode":523}}
08:50:19.567 [nioEventLoopGroup-3-1] DEBUG c.i.k.driver.chrome_1752371417478 - << {"id":33,"result":{},"sessionId":"F59642172AB9A721A267FD256CC91632"}
08:50:19.569 [main] DEBUG c.i.k.driver.chrome_1752371417478 - >> {"id":34,"sessionId":"F59642172AB9A721A267FD256CC91632","method":"Input.dispatchKeyEvent","params":{"modifiers":0,"type":"char","text":"_","windowsVirtualKeyCode":523}}
08:50:19.578 [nioEventLoopGroup-3-1] DEBUG c.i.k.driver.chrome_1752371417478 - << {"id":34,"result":{},"sessionId":"F59642172AB9A721A267FD256CC91632"}
08:50:19.583 [main] DEBUG c.i.k.driver.chrome_1752371417478 - >> {"id":35,"sessionId":"F59642172AB9A721A267FD256CC91632","method":"Input.dispatchKeyEvent","params":{"modifiers":0,"type":"keyUp","text":"_","windowsVirtualKeyCode":523}}
08:50:19.587 [nioEventLoopGroup-3-1] DEBUG c.i.k.driver.chrome_1752371417478 - << {"id":35,"result":{},"sessionId":"F59642172AB9A721A267FD256CC91632"}
08:50:19.589 [main] DEBUG c.i.k.driver.chrome_1752371417478 - >> {"id":36,"sessionId":"F59642172AB9A721A267FD256CC91632","method":"Input.dispatchKeyEvent","params":{"modifiers":0,"type":"rawKeyDown","text":"u","windowsVirtualKeyCode":117}}
08:50:19.593 [nioEventLoopGroup-3-1] DEBUG c.i.k.driver.chrome_1752371417478 - << {"id":36,"result":{},"sessionId":"F59642172AB9A721A267FD256CC91632"}
08:50:19.594 [main] DEBUG c.i.k.driver.chrome_1752371417478 - >> {"id":37,"sessionId":"F59642172AB9A721A267FD256CC91632","method":"Input.dispatchKeyEvent","params":{"modifiers":0,"type":"char","text":"u","windowsVirtualKeyCode":117}}
08:50:19.601 [nioEventLoopGroup-3-1] DEBUG c.i.k.driver.chrome_1752371417478 - << {"id":37,"result":{},"sessionId":"F59642172AB9A721A267FD256CC91632"}
[...]
08:51:32.819 [nioEventLoopGroup-12-1] DEBUG c.i.k.driver.chrome_1752371486851 - << {"id":9,"result":{"result":{"type":"number","value":0,"description":"0"}},"sessionId":"80AFA023677198A7B364050B37936C6D"}
08:51:32.820 [main] DEBUG c.i.k.driver.chrome_1752371486851 - >> {"id":10,"sessionId":"80AFA023677198A7B364050B37936C6D","method":"Input.dispatchKeyEvent","params":{"modifiers":0,"type":"rawKeyDown","text":"s","windowsVirtualKeyCode":115}}
08:51:32.824 [nioEventLoopGroup-12-1] DEBUG c.i.k.driver.chrome_1752371486851 - << {"id":10,"result":{},"sessionId":"80AFA023677198A7B364050B37936C6D"}
08:51:32.825 [main] DEBUG c.i.k.driver.chrome_1752371486851 - >> {"id":11,"sessionId":"80AFA023677198A7B364050B37936C6D","method":"Input.dispatchKeyEvent","params":{"modifiers":0,"type":"char","text":"s","windowsVirtualKeyCode":115}}
08:51:32.834 [nioEventLoopGroup-12-1] DEBUG c.i.k.driver.chrome_1752371486851 - << {"id":11,"result":{},"sessionId":"80AFA023677198A7B364050B37936C6D"}
08:51:32.835 [main] DEBUG c.i.k.driver.chrome_1752371486851 - >> {"id":12,"sessionId":"80AFA023677198A7B364050B37936C6D","method":"Input.dispatchKeyEvent","params":{"modifiers":0,"type":"keyUp","text":"s","windowsVirtualKeyCode":115}}
08:51:32.838 [nioEventLoopGroup-12-1] DEBUG c.i.k.driver.chrome_1752371486851 - << {"id":12,"result":{},"sessionId":"80AFA023677198A7B364050B37936C6D"}
08:51:32.839 [main] DEBUG c.i.k.driver.chrome_1752371486851 - >> {"id":13,"sessionId":"80AFA023677198A7B364050B37936C6D","method":"Input.dispatchKeyEvent","params":{"modifiers":0,"type":"rawKeyDown","text":"t","windowsVirtualKeyCode":116}}
08:51:32.842 [nioEventLoopGroup-12-1] DEBUG c.i.k.driver.chrome_1752371486851 - << {"id":13,"result":{},"sessionId":"80AFA023677198A7B364050B37936C6D"}
08:51:32.843 [main] DEBUG c.i.k.driver.chrome_1752371486851 - >> {"id":14,"sessionId":"80AFA023677198A7B364050B37936C6D","method":"Input.dispatchKeyEvent","params":{"modifiers":0,"type":"char","text":"t","windowsVirtualKeyCode":116}}
08:51:32.848 [nioEventLoopGroup-12-1] DEBUG c.i.k.driver.chrome_1752371486851 - << {"id":14,"result":{},"sessionId":"80AFA023677198A7B364050B37936C6D"}
08:51:32.848 [main] DEBUG c.i.k.driver.chrome_1752371486851 - >> {"id":15,"sessionId":"80AFA023677198A7B364050B37936C6D","method":"Input.dispatchKeyEvent","params":{"modifiers":0,"type":"keyUp","text":"t","windowsVirtualKeyCode":116}}
08:51:32.851 [nioEventLoopGroup-12-1] DEBUG c.i.k.driver.chrome_1752371486851 - << {"id":15,"result":{},"sessionId":"80AFA023677198A7B364050B37936C6D"}
08:51:32.851 [main] DEBUG c.i.k.driver.chrome_1752371486851 - >> {"id":16,"sessionId":"80AFA023677198A7B364050B37936C6D","method":"Input.dispatchKeyEvent","params":{"modifiers":0,"type":"rawKeyDown","text":"a","windowsVirtualKeyCode":97}}
08:51:32.854 [nioEventLoopGroup-12-1] DEBUG c.i.k.driver.chrome_1752371486851 - << {"id":16,"result":{},"sessionId":"80AFA023677198A7B364050B37936C6D"}
08:51:32.854 [main] DEBUG c.i.k.driver.chrome_1752371486851 - >> {"id":17,"sessionId":"80AFA023677198A7B364050B37936C6D","method":"Input.dispatchKeyEvent","params":{"modifiers":0,"type":"char","text":"a","windowsVirtualKeyCode":97}}
08:51:32.859 [nioEventLoopGroup-12-1] DEBUG c.i.k.driver.chrome_1752371486851 - << {"id":17,"result":{},"sessionId":"80AFA023677198A7B364050B37936C6D"}
08:51:32.859 [main] DEBUG c.i.k.driver.chrome_1752371486851 - >> {"id":18,"sessionId":"80AFA023677198A7B364050B37936C6D","method":"Input.dispatchKeyEvent","params":{"modifiers":0,"type":"keyUp","text":"a","windowsVirtualKeyCode":97}}
08:51:32.861 [nioEventLoopGroup-12-1] DEBUG c.i.k.driver.chrome_1752371486851 - << {"id":18,"result":{},"sessionId":"80AFA023677198A7B364050B37936C6D"}
08:51:32.861 [main] DEBUG c.i.k.driver.chrome_1752371486851 - >> {"id":19,"sessionId":"80AFA023677198A7B364050B37936C6D","method":"Input.dispatchKeyEvent","params":{"modifiers":0,"type":"rawKeyDown","text":"n","windowsVirtualKeyCode":110}}
08:51:32.863 [nioEventLoopGroup-12-1] DEBUG c.i.k.driver.chrome_1752371486851 - << {"id":19,"result":{},"sessionId":"80AFA023677198A7B364050B37936C6D"}
08:51:32.864 [main] DEBUG c.i.k.driver.chrome_1752371486851 - >> {"id":20,"sessionId":"80AFA023677198A7B364050B37936C6D","method":"Input.dispatchKeyEvent","params":{"modifiers":0,"type":"char","text":"n","windowsVirtualKeyCode":110}}
08:51:32.869 [nioEventLoopGroup-12-1] DEBUG c.i.k.driver.chrome_1752371486851 - << {"id":20,"result":{},"sessionId":"80AFA023677198A7B364050B37936C6D"}
08:51:32.869 [main] DEBUG c.i.k.driver.chrome_1752371486851 - >> {"id":21,"sessionId":"80AFA023677198A7B364050B37936C6D","method":"Input.dispatchKeyEvent","params":{"modifiers":0,"type":"keyUp","text":"n","windowsVirtualKeyCode":110}}
08:51:32.871 [nioEventLoopGroup-12-1] DEBUG c.i.k.driver.chrome_1752371486851 - << {"id":21,"result":{},"sessionId":"80AFA023677198A7B364050B37936C6D"}
08:51:32.872 [main] DEBUG c.i.k.driver.chrome_1752371486851 - >> {"id":22,"sessionId":"80AFA023677198A7B364050B37936C6D","method":"Input.dispatchKeyEvent","params":{"modifiers":0,"type":"rawKeyDown","text":"d","windowsVirtualKeyCode":100}}
08:51:32.874 [nioEventLoopGroup-12-1] DEBUG c.i.k.driver.chrome_1752371486851 - << {"id":22,"result":{},"sessionId":"80AFA023677198A7B364050B37936C6D"}
08:51:32.875 [main] DEBUG c.i.k.driver.chrome_1752371486851 - >> {"id":23,"sessionId":"80AFA023677198A7B364050B37936C6D","method":"Input.dispatchKeyEvent","params":{"modifiers":0,"type":"char","text":"d","windowsVirtualKeyCode":100}}
08:51:32.879 [nioEventLoopGroup-12-1] DEBUG c.i.k.driver.chrome_1752371486851 - << {"id":23,"result":{},"sessionId":"80AFA023677198A7B364050B37936C6D"}
08:51:32.879 [main] DEBUG c.i.k.driver.chrome_1752371486851 - >> {"id":24,"sessionId":"80AFA023677198A7B364050B37936C6D","method":"Input.dispatchKeyEvent","params":{"modifiers":0,"type":"keyUp","text":"d","windowsVirtualKeyCode":100}}
08:51:32.881 [nioEventLoopGroup-12-1] DEBUG c.i.k.driver.chrome_1752371486851 - << {"id":24,"result":{},"sessionId":"80AFA023677198A7B364050B37936C6D"}
08:51:32.881 [main] DEBUG c.i.k.driver.chrome_1752371486851 - >> {"id":25,"sessionId":"80AFA023677198A7B364050B37936C6D","method":"Input.dispatchKeyEvent","params":{"modifiers":0,"type":"rawKeyDown","text":"a","windowsVirtualKeyCode":97}}
08:51:32.883 [nioEventLoopGroup-12-1] DEBUG c.i.k.driver.chrome_1752371486851 - << {"id":25,"result":{},"sessionId":"80AFA023677198A7B364050B37936C6D"}
08:51:32.883 [main] DEBUG c.i.k.driver.chrome_1752371486851 - >> {"id":26,"sessionId":"80AFA023677198A7B364050B37936C6D","method":"Input.dispatchKeyEvent","params":{"modifiers":0,"type":"char","text":"a","windowsVirtualKeyCode":97}}
08:51:32.889 [nioEventLoopGroup-12-1] DEBUG c.i.k.driver.chrome_1752371486851 - << {"id":26,"result":{},"sessionId":"80AFA023677198A7B364050B37936C6D"}
08:51:32.890 [main] DEBUG c.i.k.driver.chrome_1752371486851 - >> {"id":27,"sessionId":"80AFA023677198A7B364050B37936C6D","method":"Input.dispatchKeyEvent","params":{"modifiers":0,"type":"keyUp","text":"a","windowsVirtualKeyCode":97}}
08:51:32.891 [nioEventLoopGroup-12-1] DEBUG c.i.k.driver.chrome_1752371486851 - << {"id":27,"result":{},"sessionId":"80AFA023677198A7B364050B37936C6D"}
08:51:32.892 [main] DEBUG c.i.k.driver.chrome_1752371486851 - >> {"id":28,"sessionId":"80AFA023677198A7B364050B37936C6D","method":"Input.dispatchKeyEvent","params":{"modifiers":0,"type":"rawKeyDown","text":"r","windowsVirtualKeyCode":114}}
08:51:32.893 [nioEventLoopGroup-12-1] DEBUG c.i.k.driver.chrome_1752371486851 - << {"id":28,"result":{},"sessionId":"80AFA023677198A7B364050B37936C6D"}
08:51:32.894 [main] DEBUG c.i.k.driver.chrome_1752371486851 - >> {"id":29,"sessionId":"80AFA023677198A7B364050B37936C6D","method":"Input.dispatchKeyEvent","params":{"modifiers":0,"type":"char","text":"r","windowsVirtualKeyCode":114}}
08:51:32.899 [nioEventLoopGroup-12-1] DEBUG c.i.k.driver.chrome_1752371486851 - << {"id":29,"result":{},"sessionId":"80AFA023677198A7B364050B37936C6D"}
08:51:32.901 [main] DEBUG c.i.k.driver.chrome_1752371486851 - >> {"id":30,"sessionId":"80AFA023677198A7B364050B37936C6D","method":"Input.dispatchKeyEvent","params":{"modifiers":0,"type":"keyUp","text":"r","windowsVirtualKeyCode":114}}
08:51:32.908 [nioEventLoopGroup-12-1] DEBUG c.i.k.driver.chrome_1752371486851 - << {"id":30,"result":{},"sessionId":"80AFA023677198A7B364050B37936C6D"}
08:51:32.908 [main] DEBUG c.i.k.driver.chrome_1752371486851 - >> {"id":31,"sessionId":"80AFA023677198A7B364050B37936C6D","method":"Input.dispatchKeyEvent","params":{"modifiers":0,"type":"rawKeyDown","text":"d","windowsVirtualKeyCode":100}}
08:51:32.910 [nioEventLoopGroup-12-1] DEBUG c.i.k.driver.chrome_1752371486851 - << {"id":31,"result":{},"sessionId":"80AFA023677198A7B364050B37936C6D"}
08:51:32.911 [main] DEBUG c.i.k.driver.chrome_1752371486851 - >> {"id":32,"sessionId":"80AFA023677198A7B364050B37936C6D","method":"Input.dispatchKeyEvent","params":{"modifiers":0,"type":"char","text":"d","windowsVirtualKeyCode":100}}
08:51:32.915 [nioEventLoopGroup-12-1] DEBUG c.i.k.driver.chrome_1752371486851 - << {"id":32,"result":{},"sessionId":"80AFA023677198A7B364050B37936C6D"}
08:51:32.916 [main] DEBUG c.i.k.driver.chrome_1752371486851 - >> {"id":33,"sessionId":"80AFA023677198A7B364050B37936C6D","method":"Input.dispatchKeyEvent","params":{"modifiers":0,"type":"keyUp","text":"d","windowsVirtualKeyCode":100}}
08:51:32.919 [nioEventLoopGroup-12-1] DEBUG c.i.k.driver.chrome_1752371486851 - << {"id":33,"result":{},"sessionId":"80AFA023677198A7B364050B37936C6D"}
08:51:32.920 [main] DEBUG c.i.k.driver.chrome_1752371486851 - >> {"id":34,"sessionId":"80AFA023677198A7B364050B37936C6D","method":"Input.dispatchKeyEvent","params":{"modifiers":0,"type":"rawKeyDown","text":"_","windowsVirtualKeyCode":523}}
08:51:32.922 [nioEventLoopGroup-12-1] DEBUG c.i.k.driver.chrome_1752371486851 - << {"id":34,"result":{},"sessionId":"80AFA023677198A7B364050B37936C6D"}
08:51:32.923 [main] DEBUG c.i.k.driver.chrome_1752371486851 - >> {"id":35,"sessionId":"80AFA023677198A7B364050B37936C6D","method":"Input.dispatchKeyEvent","params":{"modifiers":0,"type":"char","text":"_","windowsVirtualKeyCode":523}}
08:51:32.929 [nioEventLoopGroup-12-1] DEBUG c.i.k.driver.chrome_1752371486851 - << {"id":35,"result":{},"sessionId":"80AFA023677198A7B364050B37936C6D"}
08:51:32.929 [main] DEBUG c.i.k.driver.chrome_1752371486851 - >> {"id":36,"sessionId":"80AFA023677198A7B364050B37936C6D","method":"Input.dispatchKeyEvent","params":{"modifiers":0,"type":"keyUp","text":"_","windowsVirtualKeyCode":523}}
08:51:32.931 [nioEventLoopGroup-12-1] DEBUG c.i.k.driver.chrome_1752371486851 - << {"id":36,"result":{},"sessionId":"80AFA023677198A7B364050B37936C6D"}
08:51:32.932 [main] DEBUG c.i.k.driver.chrome_1752371486851 - >> {"id":37,"sessionId":"80AFA023677198A7B364050B37936C6D","method":"Input.dispatchKeyEvent","params":{"modifiers":0,"type":"rawKeyDown","text":"u","windowsVirtualKeyCode":117}}
08:51:32.934 [nioEventLoopGroup-12-1] DEBUG c.i.k.driver.chrome_1752371486851 - << {"id":37,"result":{},"sessionId":"80AFA023677198A7B364050B37936C6D"}
08:51:32.934 [main] DEBUG c.i.k.driver.chrome_1752371486851 - >> {"id":38,"sessionId":"80AFA023677198A7B364050B37936C6D","method":"Input.dispatchKeyEvent","params":{"modifiers":0,"type":"char","text":"u","windowsVirtualKeyCode":117}}
08:51:32.940 [nioEventLoopGroup-12-1] DEBUG c.i.k.driver.chrome_1752371486851 - << {"id":38,"result":{},"sessionId":"80AFA023677198A7B364050B37936C6D"}
08:51:32.940 [main] DEBUG c.i.k.driver.chrome_1752371486851 - >> {"id":39,"sessionId":"80AFA023677198A7B364050B37936C6D","method":"Input.dispatchKeyEvent","params":{"modifiers":0,"type":"keyUp","text":"u","windowsVirtualKeyCode":117}}
08:51:32.942 [nioEventLoopGroup-12-1] DEBUG c.i.k.driver.chrome_1752371486851 - << {"id":39,"result":{},"sessionId":"80AFA023677198A7B364050B37936C6D"}
08:51:32.943 [main] DEBUG c.i.k.driver.chrome_1752371486851 - >> {"id":40,"sessionId":"80AFA023677198A7B364050B37936C6D","method":"Input.dispatchKeyEvent","params":{"modifiers":0,"type":"rawKeyDown","text":"s","windowsVirtualKeyCode":115}}
08:51:32.945 [nioEventLoopGroup-12-1] DEBUG c.i.k.driver.chrome_1752371486851 - << {"id":40,"result":{},"sessionId":"80AFA023677198A7B364050B37936C6D"}
08:51:32.945 [main] DEBUG c.i.k.driver.chrome_1752371486851 - >> {"id":41,"sessionId":"80AFA023677198A7B364050B37936C6D","method":"Input.dispatchKeyEvent","params":{"modifiers":0,"type":"char","text":"s","windowsVirtualKeyCode":115}}
08:51:32.949 [nioEventLoopGroup-12-1] DEBUG c.i.k.driver.chrome_1752371486851 - << {"id":41,"result":{},"sessionId":"80AFA023677198A7B364050B37936C6D"}
08:51:32.949 [main] DEBUG c.i.k.driver.chrome_1752371486851 - >> {"id":42,"sessionId":"80AFA023677198A7B364050B37936C6D","method":"Input.dispatchKeyEvent","params":{"modifiers":0,"type":"keyUp","text":"s","windowsVirtualKeyCode":115}}
08:51:32.951 [nioEventLoopGroup-12-1] DEBUG c.i.k.driver.chrome_1752371486851 - << {"id":42,"result":{},"sessionId":"80AFA023677198A7B364050B37936C6D"}
08:51:32.952 [main] DEBUG c.i.k.driver.chrome_1752371486851 - >> {"id":43,"sessionId":"80AFA023677198A7B364050B37936C6D","method":"Input.dispatchKeyEvent","params":{"modifiers":0,"type":"rawKeyDown","text":"e","windowsVirtualKeyCode":101}}
08:51:32.954 [nioEventLoopGroup-12-1] DEBUG c.i.k.driver.chrome_1752371486851 - << {"id":43,"result":{},"sessionId":"80AFA023677198A7B364050B37936C6D"}
08:51:32.955 [main] DEBUG c.i.k.driver.chrome_1752371486851 - >> {"id":44,"sessionId":"80AFA023677198A7B364050B37936C6D","method":"Input.dispatchKeyEvent","params":{"modifiers":0,"type":"char","text":"e","windowsVirtualKeyCode":101}}
08:51:32.959 [nioEventLoopGroup-12-1] DEBUG c.i.k.driver.chrome_1752371486851 - << {"id":44,"result":{},"sessionId":"80AFA023677198A7B364050B37936C6D"}
08:51:32.959 [main] DEBUG c.i.k.driver.chrome_1752371486851 - >> {"id":45,"sessionId":"80AFA023677198A7B364050B37936C6D","method":"Input.dispatchKeyEvent","params":{"modifiers":0,"type":"keyUp","text":"e","windowsVirtualKeyCode":101}}
08:51:32.961 [nioEventLoopGroup-12-1] DEBUG c.i.k.driver.chrome_1752371486851 - << {"id":45,"result":{},"sessionId":"80AFA023677198A7B364050B37936C6D"}
08:51:32.962 [main] DEBUG c.i.k.driver.chrome_1752371486851 - >> {"id":46,"sessionId":"80AFA023677198A7B364050B37936C6D","method":"Input.dispatchKeyEvent","params":{"modifiers":0,"type":"rawKeyDown","text":"r","windowsVirtualKeyCode":114}}
08:51:32.963 [nioEventLoopGroup-12-1] DEBUG c.i.k.driver.chrome_1752371486851 - << {"id":46,"result":{},"sessionId":"80AFA023677198A7B364050B37936C6D"}
08:51:32.964 [main] DEBUG c.i.k.driver.chrome_1752371486851 - >> {"id":47,"sessionId":"80AFA023677198A7B364050B37936C6D","method":"Input.dispatchKeyEvent","params":{"modifiers":0,"type":"char","text":"r","windowsVirtualKeyCode":114}}
08:51:32.968 [nioEventLoopGroup-12-1] DEBUG c.i.k.driver.chrome_1752371486851 - << {"id":47,"result":{},"sessionId":"80AFA023677198A7B364050B37936C6D"}
08:51:32.969 [main] DEBUG c.i.k.driver.chrome_1752371486851 - >> {"id":48,"sessionId":"80AFA023677198A7B364050B37936C6D","method":"Input.dispatchKeyEvent","params":{"modifiers":0,"type":"keyUp","text":"r","windowsVirtualKeyCode":114}}
08:51:32.972 [nioEventLoopGroup-12-1] DEBUG c.i.k.driver.chrome_1752371486851 - << {"id":48,"result":{},"sessionId":"80AFA023677198A7B364050B37936C6D"}
08:51:32.974 [main] DEBUG c.i.k.driver.chrome_1752371486851 - >> {"id":49,"sessionId":"80AFA023677198A7B364050B37936C6D","method":"Runtime.evaluate","params":{"expression":"var e = document.evaluate(\"\/\/*[@id='password']\", document, null, 9, null).singleNodeValue; e.focus(); try { e.selectionStart = e.selectionEnd = e.value.length } catch(x) {}","returnByValue":true}}
08:51:32.977 [nioEventLoopGroup-12-1] DEBUG c.i.k.driver.chrome_1752371486851 - << {"id":49,"result":{"result":{"type":"number","value":0,"description":"0"}},"sessionId":"80AFA023677198A7B364050B37936C6D"}
08:51:32.978 [main] DEBUG c.i.k.driver.chrome_1752371486851 - >> {"id":50,"sessionId":"80AFA023677198A7B364050B37936C6D","method":"Runtime.evaluate","params":{"expression":"document.evaluate(\"\/\/*[@id='login-button']\", document, null, 9, null).singleNodeValue.click()","returnByValue":true}}
08:51:32.992 [nioEventLoopGroup-12-1] DEBUG c.i.k.driver.chrome_1752371486851 - << {"id":50,"result":{"result":{"type":"undefined"}},"sessionId":"80AFA023677198A7B364050B37936C6D"}
08:51:33.004 [main] DEBUG c.i.k.driver.chrome_1752371486851 - >> {"id":51,"sessionId":"80AFA023677198A7B364050B37936C6D","method":"Runtime.evaluate","params":{"expression":"document.evaluate(\"\/\/*[@id='login_button_container']\/div\/form\/div[3]\", document, null, 9, null).singleNodeValue['textContent']","returnByValue":true}}
08:51:33.007 [nioEventLoopGroup-12-1] DEBUG c.i.k.driver.chrome_1752371486851 - << {"id":51,"result":{"result":{"type":"string","value":"Epic sadface: Password is required"}},"sessionId":"80AFA023677198A7B364050B37936C6D"}
08:51:33.008 [main] DEBUG c.i.k.driver.chrome_1752371486851 - >> {"id":52,"sessionId":"80AFA023677198A7B364050B37936C6D","method":"Runtime.evaluate","params":{"expression":"document.evaluate(\"\/\/*[@id='login_button_container']\/div\/form\/div[3]\", document, null, 9, null).singleNodeValue['textContent']","returnByValue":true}}
08:51:33.011 [nioEventLoopGroup-12-1] DEBUG c.i.k.driver.chrome_1752371486851 - << {"id":52,"result":{"result":{"type":"string","value":"Epic sadface: Password is required"}},"sessionId":"80AFA023677198A7B364050B37936C6D"}
08:51:33.012 [main] DEBUG c.i.k.driver.chrome_1752371486851 - >> {"id":53,"sessionId":"80AFA023677198A7B364050B37936C6D","method":"Target.closeTarget","params":{"targetId":"1153FC4ED50B3A730FB4FCC617FC8DCE"}}
08:51:33.013 [nioEventLoopGroup-12-1] DEBUG c.i.k.http.WebSocketClientHandler - websocket closing
08:51:33.013 [nioEventLoopGroup-12-1] DEBUG c.i.k.http.WebSocketClientHandler - websocket client disconnected
08:51:33.018 [main] DEBUG com.intuit.karate.shell.Command - closing command: chrome_1752371486851
08:51:33.307 [chrome_1752371486851] WARN  com.intuit.karate.shell.Command - exit code was non-zero: 1 - [C:\Program Files\Google\Chrome\Application\chrome.exe, --remote-debugging-port=53928, --remote-allow-origins=*, --no-first-run, --user-data-dir=E:\Duy\Projects\practices\karate_framework\demo\target\chrome_1752371486851, --disable-popup-blocking] working dir: target\chrome_1752371486851
---------------------------------------------------------
feature: classpath:UI/LoginUI/Login.feature
scenarios:  6 | passed:  6 | failed:  0 | time: 35.4421
---------------------------------------------------------

08:51:33.736 [main] INFO  com.intuit.karate.Suite - <<pass>> feature 3 of 4 (0 remaining) classpath:UI/LoginUI/Login.feature
08:51:33.738 [main] DEBUG com.intuit.karate.Suite - waiting for 4 features to complete
Karate version: 1.4.0
======================================================
elapsed:  85.35 | threads:    1 | thread time: 78.47 
features:     2 | skipped:    2 | efficiency: 0.92
scenarios:   11 | passed:    10 | failed: 1
======================================================
>>> failed features:
js failed:
>>>>
01: waitFor(saucedemoURL)
<<<<
org.graalvm.polyglot.PolyglotException: waitUntil (js): failed after 3 retries and 21144 milliseconds
- com.intuit.karate.driver.DriverOptions.retry(DriverOptions.java:517)
- com.intuit.karate.driver.DevToolsDriver.waitUntil(DevToolsDriver.java:777)
- com.intuit.karate.driver.DriverOptions.waitForAny(DriverOptions.java:700)
- com.intuit.karate.driver.Driver.waitFor(Driver.java:237)
- <js>.:anonymous(Unnamed:1)

classpath:UI/HomePageUI/Home.feature:73
<<<

HTML report: (paste into browser to view) | Karate version: 1.4.0
file:///E:/Duy/Projects/practices/karate_framework/demo/target/karate-reports/karate-summary.html
===================================================================

]]></system-out>
  </testcase>
</testsuite>